<?xml version="1.0" encoding="UTF-8"?>
<!-- Generated by org.testng.reporters.JUnitXMLReporter -->
<testsuite ignored="0" hostname="Juans-MacBook-Pro-2.local" failures="0" tests="3" name="AndroidTests" time="52.241" errors="0" timestamp="2023-03-14T20:28:56 COT">
  <testcase classname="com.qa.tests.LoginTest" name="invalidUserName" time="4.817"/>
  <testcase classname="com.qa.tests.LoginTest" name="invalidUserPassword" time="4.119"/>
  <testcase classname="com.qa.tests.LoginTest" name="successfullyLogin" time="7.623"/>
</testsuite> <!-- AndroidTests -->
