<?xml version="1.0" encoding="UTF-8"?>
<!-- Generated by org.testng.reporters.JUnitXMLReporter -->
<testsuite ignored="0" hostname="Juans-MacBook-Pro-2.local" failures="0" tests="3" name="iOSTests" time="5.046" errors="0" timestamp="2023-03-14T20:23:03 COT">
  <testcase classname="com.qa.tests.LoginTest" name="invalidUserName" time="0.0">
    <skipped/>
  </testcase> <!-- invalidUserName -->
  <testcase classname="com.qa.tests.LoginTest" name="invalidUserPassword" time="0.0">
    <skipped/>
  </testcase> <!-- invalidUserPassword -->
  <testcase classname="com.qa.tests.LoginTest" name="successfullyLogin" time="0.0">
    <skipped/>
  </testcase> <!-- successfullyLogin -->
</testsuite> <!-- iOSTests -->
