<?xml version="1.0" encoding="UTF-8"?>
<testsuite xmlns:xsi="http://www.w3.org/2001/XMLSchema-instance" xsi:noNamespaceSchemaLocation="https://maven.apache.org/surefire/maven-surefire-plugin/xsd/surefire-test-report-3.0.xsd" version="3.0" name="TestSuite" time="44.042" tests="20" errors="0" skipped="12" failures="8">
  <properties>
[...]
</properties>
  <testcase name="beforeMethod[public void com.qa.tests.LoginTests.invalidUserName()](0)" classname="com.qa.tests.LoginTests" time="32.215">
    <failure type="java.lang.ExceptionInInitializerError"><![CDATA[java.lang.ExceptionInInitializerError
	at io.appium.java_client.pagefactory.utils.ProxyFactory.getEnhancedProxy(ProxyFactory.java:53)
	at io.appium.java_client.pagefactory.utils.ProxyFactory.getEnhancedProxy(ProxyFactory.java:33)
	at io.appium.java_client.pagefactory.AppiumFieldDecorator.proxyForAnElement(AppiumFieldDecorator.java:208)
	at io.appium.java_client.pagefactory.AppiumFieldDecorator.access$000(AppiumFieldDecorator.java:60)
	at io.appium.java_client.pagefactory.AppiumFieldDecorator$1.proxyForLocator(AppiumFieldDecorator.java:99)
	at org.openqa.selenium.support.pagefactory.DefaultFieldDecorator.decorate(DefaultFieldDecorator.java:63)
	at io.appium.java_client.pagefactory.AppiumFieldDecorator.decorate(AppiumFieldDecorator.java:146)
	at org.openqa.selenium.support.PageFactory.proxyFields(PageFactory.java:111)
	at org.openqa.selenium.support.PageFactory.initElements(PageFactory.java:103)
	at com.qa.base.BaseTest.<init>(BaseTest.java:67)
	at com.qa.pages.MenuPage.<init>(MenuPage.java:9)
	at com.qa.tests.LoginTests.beforeMethod(LoginTests.java:33)
	at java.base/jdk.internal.reflect.DirectMethodHandleAccessor.invoke(DirectMethodHandleAccessor.java:104)
	at java.base/java.lang.reflect.Method.invoke(Method.java:578)
	at org.testng.internal.invokers.MethodInvocationHelper.invokeMethod(MethodInvocationHelper.java:139)
	at org.testng.internal.invokers.MethodInvocationHelper.invokeMethodConsideringTimeout(MethodInvocationHelper.java:69)
	at org.testng.internal.invokers.ConfigInvoker.invokeConfigurationMethod(ConfigInvoker.java:361)
	at org.testng.internal.invokers.ConfigInvoker.invokeConfigurations(ConfigInvoker.java:296)
	at org.testng.internal.invokers.TestInvoker.runConfigMethods(TestInvoker.java:823)
	at org.testng.internal.invokers.TestInvoker.invokeMethod(TestInvoker.java:590)
	at org.testng.internal.invokers.TestInvoker.invokeTestMethod(TestInvoker.java:221)
	at org.testng.internal.invokers.MethodRunner.runInSequence(MethodRunner.java:50)
	at org.testng.internal.invokers.TestInvoker$MethodInvocationAgent.invoke(TestInvoker.java:969)
	at org.testng.internal.invokers.TestInvoker.invokeTestMethods(TestInvoker.java:194)
	at org.testng.internal.invokers.TestMethodWorker.invokeTestMethods(TestMethodWorker.java:148)
	at org.testng.internal.invokers.TestMethodWorker.run(TestMethodWorker.java:128)
	at java.base/java.util.ArrayList.forEach(ArrayList.java:1511)
	at org.testng.TestRunner.privateRun(TestRunner.java:829)
	at org.testng.TestRunner.run(TestRunner.java:602)
	at org.testng.SuiteRunner.runTest(SuiteRunner.java:437)
	at org.testng.SuiteRunner.runSequentially(SuiteRunner.java:431)
	at org.testng.SuiteRunner.privateRun(SuiteRunner.java:391)
	at org.testng.SuiteRunner.run(SuiteRunner.java:330)
	at org.testng.SuiteRunnerWorker.runSuite(SuiteRunnerWorker.java:52)
	at org.testng.SuiteRunnerWorker.run(SuiteRunnerWorker.java:95)
	at org.testng.TestNG.runSuitesSequentially(TestNG.java:1256)
	at org.testng.TestNG.runSuitesLocally(TestNG.java:1176)
	at org.testng.TestNG.runSuites(TestNG.java:1099)
	at org.testng.TestNG.run(TestNG.java:1067)
	at org.apache.maven.surefire.testng.TestNGExecutor.run(TestNGExecutor.java:324)
	at org.apache.maven.surefire.testng.TestNGXmlTestSuite.execute(TestNGXmlTestSuite.java:74)
	at org.apache.maven.surefire.testng.TestNGProvider.invoke(TestNGProvider.java:123)
	at org.apache.maven.surefire.booter.ForkedBooter.runSuitesInProcess(ForkedBooter.java:456)
	at org.apache.maven.surefire.booter.ForkedBooter.execute(ForkedBooter.java:169)
	at org.apache.maven.surefire.booter.ForkedBooter.run(ForkedBooter.java:595)
	at org.apache.maven.surefire.booter.ForkedBooter.main(ForkedBooter.java:581)
Caused by: net.sf.cglib.core.CodeGenerationException: java.lang.reflect.InaccessibleObjectException-->Unable to make protected final java.lang.Class java.lang.ClassLoader.defineClass(java.lang.String,byte[],int,int,java.security.ProtectionDomain) throws java.lang.ClassFormatError accessible: module java.base does not "opens java.lang" to unnamed module @5cc73178
	at net.sf.cglib.core.ReflectUtils.defineClass(ReflectUtils.java:464)
	at net.sf.cglib.core.AbstractClassGenerator.generate(AbstractClassGenerator.java:339)
	at net.sf.cglib.core.AbstractClassGenerator$ClassLoaderData$3.apply(AbstractClassGenerator.java:96)
	at net.sf.cglib.core.AbstractClassGenerator$ClassLoaderData$3.apply(AbstractClassGenerator.java:94)
	at net.sf.cglib.core.internal.LoadingCache$2.call(LoadingCache.java:54)
	at java.base/java.util.concurrent.FutureTask.run(FutureTask.java:317)
	at net.sf.cglib.core.internal.LoadingCache.createEntry(LoadingCache.java:61)
	at net.sf.cglib.core.internal.LoadingCache.get(LoadingCache.java:34)
	at net.sf.cglib.core.AbstractClassGenerator$ClassLoaderData.get(AbstractClassGenerator.java:119)
	at net.sf.cglib.core.AbstractClassGenerator.create(AbstractClassGenerator.java:294)
	at net.sf.cglib.core.KeyFactory$Generator.create(KeyFactory.java:221)
	at net.sf.cglib.core.KeyFactory.create(KeyFactory.java:174)
	at net.sf.cglib.core.KeyFactory.create(KeyFactory.java:153)
	at net.sf.cglib.proxy.Enhancer.<clinit>(Enhancer.java:73)
	... 46 more
Caused by: java.lang.reflect.InaccessibleObjectException: Unable to make protected final java.lang.Class java.lang.ClassLoader.defineClass(java.lang.String,byte[],int,int,java.security.ProtectionDomain) throws java.lang.ClassFormatError accessible: module java.base does not "opens java.lang" to unnamed module @5cc73178
	at java.base/java.lang.reflect.AccessibleObject.throwInaccessibleObjectException(AccessibleObject.java:387)
	at java.base/java.lang.reflect.AccessibleObject.checkCanSetAccessible(AccessibleObject.java:363)
	at java.base/java.lang.reflect.AccessibleObject.checkCanSetAccessible(AccessibleObject.java:311)
	at java.base/java.lang.reflect.Method.checkCanSetAccessible(Method.java:201)
	at java.base/java.lang.reflect.Method.setAccessible(Method.java:195)
	at net.sf.cglib.core.ReflectUtils$1.run(ReflectUtils.java:61)
	at java.base/java.security.AccessController.doPrivileged(AccessController.java:569)
	at net.sf.cglib.core.ReflectUtils.<clinit>(ReflectUtils.java:52)
	at net.sf.cglib.core.KeyFactory$Generator.generateClass(KeyFactory.java:243)
	at net.sf.cglib.core.DefaultGeneratorStrategy.generate(DefaultGeneratorStrategy.java:25)
	at net.sf.cglib.core.AbstractClassGenerator.generate(AbstractClassGenerator.java:332)
	... 58 more
]]></failure>
    <system-out><![CDATA[****** Appium server started **********
&amp#27;[35m[Appium]&amp#27;[39m Welcome to Appium v2.0.0-beta.55
&amp#27;[35m[Appium]&amp#27;[39m Attempting to load driver uiautomator2...
[debug] &amp#27;[35m[Appium]&amp#27;[39m Requiring driver at /Users/juanquiceno/.appium/node_modules/appium-uiautomator2-driver
&amp#27;[35m[Appium]&amp#27;[39m Attempting to load driver xcuitest...
[debug] &amp#27;[35m[Appium]&amp#27;[39m Requiring driver at /Users/juanquiceno/.appium/node_modules/appium-xcuitest-driver
&amp#27;[35m[Appium]&amp#27;[39m Appium REST http interface listener started on 0.0.0.0:4723
&amp#27;[35m[Appium]&amp#27;[39m Available drivers:
&amp#27;[35m[Appium]&amp#27;[39m   - uiautomator2@2.12.3 (automationName 'UiAutomator2')
&amp#27;[35m[Appium]&amp#27;[39m   - xcuitest@4.16.12 (automationName 'XCUITest')
&amp#27;[35m[Appium]&amp#27;[39m No plugins have been installed. Use the "appium plugin" command to install the one(s) you want to use.
&amp#27;[38;5;0m[HTTP]&amp#27;[0m &amp#27;[37m-->&amp#27;[39m &amp#27;[37mGET&amp#27;[39m &amp#27;[37m/status&amp#27;[39m
&amp#27;[38;5;0m[HTTP]&amp#27;[0m &amp#27;[90m{}&amp#27;[39m
[debug] &amp#27;[38;5;16m[AppiumDriver@47ee]&amp#27;[0m Calling AppiumDriver.getStatus() with args: []
[debug] &amp#27;[38;5;16m[AppiumDriver@47ee]&amp#27;[0m Responding to client with driver.getStatus() result: {"build":{"version":"2.0.0-beta.55"}}
&amp#27;[38;5;0m[HTTP]&amp#27;[0m &amp#27;[37m<-- GET /status &amp#27;[39m&amp#27;[32m200&amp#27;[39m &amp#27;[90m5 ms - 47&amp#27;[39m
&amp#27;[38;5;0m[HTTP]&amp#27;[0m &amp#27;[90m&amp#27;[39m
[INFO ] 2023-03-09 11:27:35.771 com.qa.base.BaseTest:125 - Android appUrl is: /Users/juanquiceno/IdeaProjects/AppiumFramework/src/test/resources/apps/Android-MyDemoAppRN.1.3.0.build-244.apk
[debug] &amp#27;[38;5;0m[HTTP]&amp#27;[0m Request idempotency key: 1ab1cde6-a65e-4cf0-a5fe-6e9e57f066c4
&amp#27;[38;5;0m[HTTP]&amp#27;[0m &amp#27;[37m-->&amp#27;[39m &amp#27;[37mPOST&amp#27;[39m &amp#27;[37m/session&amp#27;[39m
&amp#27;[38;5;0m[HTTP]&amp#27;[0m &amp#27;[90m{"capabilities":{"firstMatch":[{}],"alwaysMatch":{"appium:appActivity":"com.saucelabs.mydemoapp.rn.MainActivity","appium:appPackage":"com.saucelabs.mydemoapp.rn","appium:automationName":"uiautomator2","appium:avd":"Pixel_6_Pro","appium:avdLaunchTimeout":200000,"appium:newCommandTimeout":300,"appium:platformVersion":"13.0","platformName":"android"}}}&amp#27;[39m
[debug] &amp#27;[38;5;16m[AppiumDriver@47ee]&amp#27;[0m Calling AppiumDriver.createSession() with args: [null,null,{"firstMatch":[{}],"alwaysMatch":{"appium:appActivity":"com.saucelabs.mydemoapp.rn.MainActivity","appium:appPackage":"com.saucelabs.mydemoapp.rn","appium:automationName":"uiautomator2","appium:avd":"Pixel_6_Pro","appium:avdLaunchTimeout":200000,"appium:newCommandTimeout":300,"appium:platformVersion":"13.0","platformName":"android"}}]
[debug] &amp#27;[38;5;16m[AppiumDriver@47ee]&amp#27;[0m Event 'newSessionRequested' logged at 1678379256316 (11:27:36 GMT-0500 (Colombia Standard Time))
&amp#27;[35m[Appium]&amp#27;[39m Attempting to find matching driver for automationName 'uiautomator2' and platformName 'android'
&amp#27;[35m[Appium]&amp#27;[39m The 'uiautomator2' driver was installed and matched caps.
&amp#27;[35m[Appium]&amp#27;[39m Will require it at /Users/juanquiceno/.appium/node_modules/appium-uiautomator2-driver
[debug] &amp#27;[35m[Appium]&amp#27;[39m Requiring driver at /Users/juanquiceno/.appium/node_modules/appium-uiautomator2-driver
&amp#27;[38;5;16m[AppiumDriver@47ee]&amp#27;[0m Appium v2.0.0-beta.55 creating new AndroidUiautomator2Driver (v2.12.3) session
&amp#27;[38;5;16m[AppiumDriver@47ee]&amp#27;[0m Checking BaseDriver versions for Appium and AndroidUiautomator2Driver
&amp#27;[38;5;16m[AppiumDriver@47ee]&amp#27;[0m Appium's BaseDriver version is 9.3.1
&amp#27;[38;5;16m[AppiumDriver@47ee]&amp#27;[0m AndroidUiautomator2Driver's BaseDriver version is 9.3.1
[debug] &amp#27;[38;5;32m[AndroidUiautomator2Driver@2dcf]&amp#27;[0m Creating session with W3C capabilities: {
[debug] &amp#27;[38;5;32m[AndroidUiautomator2Driver@2dcf]&amp#27;[0m   "alwaysMatch": {
[debug] &amp#27;[38;5;32m[AndroidUiautomator2Driver@2dcf]&amp#27;[0m     "platformName": "android",
[debug] &amp#27;[38;5;32m[AndroidUiautomator2Driver@2dcf]&amp#27;[0m     "appium:appActivity": "com.saucelabs.mydemoapp.rn.MainActivity",
[debug] &amp#27;[38;5;32m[AndroidUiautomator2Driver@2dcf]&amp#27;[0m     "appium:appPackage": "com.saucelabs.mydemoapp.rn",
[debug] &amp#27;[38;5;32m[AndroidUiautomator2Driver@2dcf]&amp#27;[0m     "appium:automationName": "uiautomator2",
[debug] &amp#27;[38;5;32m[AndroidUiautomator2Driver@2dcf]&amp#27;[0m     "appium:avd": "Pixel_6_Pro",
[debug] &amp#27;[38;5;32m[AndroidUiautomator2Driver@2dcf]&amp#27;[0m     "appium:avdLaunchTimeout": 200000,
[debug] &amp#27;[38;5;32m[AndroidUiautomator2Driver@2dcf]&amp#27;[0m     "appium:newCommandTimeout": 300,
[debug] &amp#27;[38;5;32m[AndroidUiautomator2Driver@2dcf]&amp#27;[0m     "appium:platformVersion": "13.0"
[debug] &amp#27;[38;5;32m[AndroidUiautomator2Driver@2dcf]&amp#27;[0m   },
[debug] &amp#27;[38;5;32m[AndroidUiautomator2Driver@2dcf]&amp#27;[0m   "firstMatch": [
[debug] &amp#27;[38;5;32m[AndroidUiautomator2Driver@2dcf]&amp#27;[0m     {}
[debug] &amp#27;[38;5;32m[AndroidUiautomator2Driver@2dcf]&amp#27;[0m   ]
[debug] &amp#27;[38;5;32m[AndroidUiautomator2Driver@2dcf]&amp#27;[0m }
&amp#27;[38;5;32m[AndroidUiautomator2Driver@2dcf (ed876246)]&amp#27;[0m Session created with session id: ed876246-30d3-47f3-8f4e-1c002b397410
&amp#27;[38;5;32m[AndroidUiautomator2Driver@2dcf (ed876246)]&amp#27;[0m Starting 'com.saucelabs.mydemoapp.rn' directly on the device
&amp#27;[38;5;48m[ADB]&amp#27;[0m Found 2 'build-tools' folders under '/Users/juanquiceno/Library/Android/sdk' (newest first):
&amp#27;[38;5;48m[ADB]&amp#27;[0m     /Users/juanquiceno/Library/Android/sdk/build-tools/34.0.0-rc1
&amp#27;[38;5;48m[ADB]&amp#27;[0m     /Users/juanquiceno/Library/Android/sdk/build-tools/33.0.2
&amp#27;[38;5;48m[ADB]&amp#27;[0m Using 'adb' from '/Users/juanquiceno/Library/Android/sdk/platform-tools/adb'
[debug] &amp#27;[38;5;48m[ADB]&amp#27;[0m Running '/Users/juanquiceno/Library/Android/sdk/platform-tools/adb -P 5037 start-server'
[debug] &amp#27;[38;5;48m[ADB]&amp#27;[0m Trying to find 'Pixel_6_Pro' emulator
[debug] &amp#27;[38;5;48m[ADB]&amp#27;[0m Getting connected emulators
[debug] &amp#27;[38;5;48m[ADB]&amp#27;[0m Getting connected devices
[debug] &amp#27;[38;5;48m[ADB]&amp#27;[0m Connected devices: [{"udid":"emulator-5554","state":"device"}]
[debug] &amp#27;[38;5;48m[ADB]&amp#27;[0m 1 emulator connected
[debug] &amp#27;[38;5;48m[ADB]&amp#27;[0m Overriding /Users/juanquiceno/.emulator_console_auth_token with an empty string to avoid telnet authentication for emulator commands
[debug] &amp#27;[38;5;48m[ADB]&amp#27;[0m Executing Emulator console command: avd name
[debug] &amp#27;[38;5;48m[ADB]&amp#27;[0m Found emulator 'Pixel_6_Pro' on port 5554
[debug] &amp#27;[38;5;48m[ADB]&amp#27;[0m Setting device id to emulator-5554
[debug] &amp#27;[38;5;64m[AndroidDriver]&amp#27;[0m Not launching AVD because it is already running.
&amp#27;[38;5;64m[AndroidDriver]&amp#27;[0m Using device: emulator-5554
&amp#27;[38;5;48m[ADB]&amp#27;[0m Using 'adb' from '/Users/juanquiceno/Library/Android/sdk/platform-tools/adb'
[debug] &amp#27;[38;5;48m[ADB]&amp#27;[0m Running '/Users/juanquiceno/Library/Android/sdk/platform-tools/adb -P 5037 start-server'
[debug] &amp#27;[38;5;48m[ADB]&amp#27;[0m Setting device id to emulator-5554
[debug] &amp#27;[38;5;48m[ADB]&amp#27;[0m Running '/Users/juanquiceno/Library/Android/sdk/platform-tools/adb -P 5037 -s emulator-5554 shell getprop ro.build.version.sdk'
[debug] &amp#27;[38;5;48m[ADB]&amp#27;[0m Current device property 'ro.build.version.sdk': 33
&amp#27;[38;5;48m[ADB]&amp#27;[0m Getting device platform version
[debug] &amp#27;[38;5;48m[ADB]&amp#27;[0m Running '/Users/juanquiceno/Library/Android/sdk/platform-tools/adb -P 5037 -s emulator-5554 shell getprop ro.build.version.release'
[debug] &amp#27;[38;5;48m[ADB]&amp#27;[0m Current device property 'ro.build.version.release': 13
[debug] &amp#27;[38;5;48m[ADB]&amp#27;[0m Device API level: 33
&amp#27;[38;5;32m[AndroidUiautomator2Driver@2dcf (ed876246)]&amp#27;[0m Relaxing hidden api policy
[debug] &amp#27;[38;5;48m[ADB]&amp#27;[0m Running '/Users/juanquiceno/Library/Android/sdk/platform-tools/adb -P 5037 -s emulator-5554 shell 'settings put global hidden_api_policy_pre_p_apps 1;settings put global hidden_api_policy_p_apps 1;settings put global hidden_api_policy 1''
&amp#27;[38;5;64m[AndroidDriver]&amp#27;[0m No app sent in, not parsing package/activity
[debug] &amp#27;[38;5;48m[ADB]&amp#27;[0m Running '/Users/juanquiceno/Library/Android/sdk/platform-tools/adb -P 5037 -s emulator-5554 wait-for-device'
[debug] &amp#27;[38;5;48m[ADB]&amp#27;[0m Running '/Users/juanquiceno/Library/Android/sdk/platform-tools/adb -P 5037 -s emulator-5554 shell echo ping'
[debug] &amp#27;[38;5;64m[AndroidDriver]&amp#27;[0m Pushing settings apk to device...
[debug] &amp#27;[38;5;48m[ADB]&amp#27;[0m Getting install status for io.appium.settings
[debug] &amp#27;[38;5;48m[ADB]&amp#27;[0m Running '/Users/juanquiceno/Library/Android/sdk/platform-tools/adb -P 5037 -s emulator-5554 shell dumpsys package io.appium.settings'
[debug] &amp#27;[38;5;48m[ADB]&amp#27;[0m 'io.appium.settings' is installed
[debug] &amp#27;[38;5;48m[ADB]&amp#27;[0m Getting package info for 'io.appium.settings'
[debug] &amp#27;[38;5;48m[ADB]&amp#27;[0m Running '/Users/juanquiceno/Library/Android/sdk/platform-tools/adb -P 5037 -s emulator-5554 shell dumpsys package io.appium.settings'
[debug] &amp#27;[38;5;48m[ADB]&amp#27;[0m The version name of the installed 'io.appium.settings' is greater or equal to the application version name ('5.0.3' >= '5.0.3')
[debug] &amp#27;[38;5;48m[ADB]&amp#27;[0m There is no need to install/upgrade '/Users/juanquiceno/.appium/node_modules/appium-uiautomator2-driver/node_modules/io.appium.settings/apks/settings_apk-debug.apk'
[debug] &amp#27;[38;5;48m[ADB]&amp#27;[0m Getting IDs of all 'io.appium.settings' processes
[debug] &amp#27;[38;5;48m[ADB]&amp#27;[0m Running '/Users/juanquiceno/Library/Android/sdk/platform-tools/adb -P 5037 -s emulator-5554 shell 'pgrep --help; echo $?''
[debug] &amp#27;[38;5;48m[ADB]&amp#27;[0m Running '/Users/juanquiceno/Library/Android/sdk/platform-tools/adb -P 5037 -s emulator-5554 shell pgrep -f \(\[\[:blank:\]\]\|\^\)io\.appium\.settings\(\[\[:blank:\]\]\|\$\)'
[debug] &amp#27;[38;5;64m[AndroidDriver]&amp#27;[0m io.appium.settings is already running. There is no need to reset its permissions.
[debug] &amp#27;[38;5;80m[Logcat]&amp#27;[0m Starting logs capture with command: /Users/juanquiceno/Library/Android/sdk/platform-tools/adb -P 5037 -s emulator-5554 logcat -v threadtime
[debug] &amp#27;[38;5;32m[AndroidUiautomator2Driver@2dcf (ed876246)]&amp#27;[0m Forwarding UiAutomator2 Server port 6790 to local port 8200
[debug] &amp#27;[38;5;48m[ADB]&amp#27;[0m Forwarding system: 8200 to device: 6790
[debug] &amp#27;[38;5;48m[ADB]&amp#27;[0m Running '/Users/juanquiceno/Library/Android/sdk/platform-tools/adb -P 5037 -s emulator-5554 forward tcp:8200 tcp:6790'
[debug] &amp#27;[38;5;48m[ADB]&amp#27;[0m Getting install status for io.appium.uiautomator2.server
[debug] &amp#27;[38;5;48m[ADB]&amp#27;[0m Running '/Users/juanquiceno/Library/Android/sdk/platform-tools/adb -P 5037 -s emulator-5554 shell dumpsys package io.appium.uiautomator2.server'
[debug] &amp#27;[38;5;48m[ADB]&amp#27;[0m 'io.appium.uiautomator2.server' is installed
[debug] &amp#27;[38;5;48m[ADB]&amp#27;[0m Getting package info for 'io.appium.uiautomator2.server'
[debug] &amp#27;[38;5;48m[ADB]&amp#27;[0m Running '/Users/juanquiceno/Library/Android/sdk/platform-tools/adb -P 5037 -s emulator-5554 shell dumpsys package io.appium.uiautomator2.server'
[debug] &amp#27;[38;5;48m[ADB]&amp#27;[0m The version name of the installed 'io.appium.uiautomator2.server' is greater or equal to the application version name ('5.7.7' >= '5.7.7')
[debug] &amp#27;[38;5;32m[AndroidUiautomator2Driver@2dcf (ed876246)]&amp#27;[0m io.appium.uiautomator2.server installation state: sameVersionInstalled
[debug] &amp#27;[38;5;48m[ADB]&amp#27;[0m Checking app cert for /Users/juanquiceno/.appium/node_modules/appium-uiautomator2-driver/node_modules/appium-uiautomator2-server/apks/appium-uiautomator2-server-v5.7.7.apk
&amp#27;[38;5;48m[ADB]&amp#27;[0m Using 'apksigner.jar' from '/Users/juanquiceno/Library/Android/sdk/build-tools/34.0.0-rc1/lib/apksigner.jar'
[debug] &amp#27;[38;5;48m[ADB]&amp#27;[0m Starting apksigner: /Users/juanquiceno/Library/Java/JavaVirtualMachines/openjdk-19.0.2/Contents/Home/bin/java -Xmx1024M -Xss1m -jar /Users/juanquiceno/Library/Android/sdk/build-tools/34.0.0-rc1/lib/apksigner.jar verify --print-certs /Users/juanquiceno/.appium/node_modules/appium-uiautomator2-driver/node_modules/appium-uiautomator2-server/apks/appium-uiautomator2-server-v5.7.7.apk
[debug] &amp#27;[38;5;48m[ADB]&amp#27;[0m apksigner stdout: Signer #1 certificate DN: EMAILADDRESS=android@android.com, CN=Android, OU=Android, O=Android, L=Mountain View, ST=California, C=US
[debug] &amp#27;[38;5;48m[ADB]&amp#27;[0m Signer #1 certificate SHA-256 digest: a40da80a59d170caa950cf15c18c454d47a39b26989d8b640ecd745ba71bf5dc
[debug] &amp#27;[38;5;48m[ADB]&amp#27;[0m Signer #1 certificate SHA-1 digest: 61ed377e85d386a8dfee6b864bd85b0bfaa5af81
[debug] &amp#27;[38;5;48m[ADB]&amp#27;[0m Signer #1 certificate MD5 digest: e89b158e4bcf988ebd09eb83f5378e87
[debug] &amp#27;[38;5;48m[ADB]&amp#27;[0m 
[debug] &amp#27;[38;5;48m[ADB]&amp#27;[0m sha256 hash did match for 'appium-uiautomator2-server-v5.7.7.apk'
&amp#27;[38;5;48m[ADB]&amp#27;[0m '/Users/juanquiceno/.appium/node_modules/appium-uiautomator2-driver/node_modules/appium-uiautomator2-server/apks/appium-uiautomator2-server-v5.7.7.apk' is signed with the default certificate
[debug] &amp#27;[38;5;48m[ADB]&amp#27;[0m Getting install status for io.appium.uiautomator2.server.test
[debug] &amp#27;[38;5;48m[ADB]&amp#27;[0m Running '/Users/juanquiceno/Library/Android/sdk/platform-tools/adb -P 5037 -s emulator-5554 shell dumpsys package io.appium.uiautomator2.server.test'
[debug] &amp#27;[38;5;48m[ADB]&amp#27;[0m 'io.appium.uiautomator2.server.test' is installed
[debug] &amp#27;[38;5;48m[ADB]&amp#27;[0m Checking app cert for /Users/juanquiceno/.appium/node_modules/appium-uiautomator2-driver/node_modules/appium-uiautomator2-server/apks/appium-uiautomator2-server-debug-androidTest.apk
[debug] &amp#27;[38;5;48m[ADB]&amp#27;[0m Starting apksigner: /Users/juanquiceno/Library/Java/JavaVirtualMachines/openjdk-19.0.2/Contents/Home/bin/java -Xmx1024M -Xss1m -jar /Users/juanquiceno/Library/Android/sdk/build-tools/34.0.0-rc1/lib/apksigner.jar verify --print-certs /Users/juanquiceno/.appium/node_modules/appium-uiautomator2-driver/node_modules/appium-uiautomator2-server/apks/appium-uiautomator2-server-debug-androidTest.apk
[debug] &amp#27;[38;5;48m[ADB]&amp#27;[0m apksigner stdout: Signer #1 certificate DN: EMAILADDRESS=android@android.com, CN=Android, OU=Android, O=Android, L=Mountain View, ST=California, C=US
[debug] &amp#27;[38;5;48m[ADB]&amp#27;[0m Signer #1 certificate SHA-256 digest: a40da80a59d170caa950cf15c18c454d47a39b26989d8b640ecd745ba71bf5dc
[debug] &amp#27;[38;5;48m[ADB]&amp#27;[0m Signer #1 certificate SHA-1 digest: 61ed377e85d386a8dfee6b864bd85b0bfaa5af81
[debug] &amp#27;[38;5;48m[ADB]&amp#27;[0m Signer #1 certificate MD5 digest: e89b158e4bcf988ebd09eb83f5378e87
[debug] &amp#27;[38;5;48m[ADB]&amp#27;[0m 
[debug] &amp#27;[38;5;48m[ADB]&amp#27;[0m sha256 hash did match for 'appium-uiautomator2-server-debug-androidTest.apk'
&amp#27;[38;5;48m[ADB]&amp#27;[0m '/Users/juanquiceno/.appium/node_modules/appium-uiautomator2-driver/node_modules/appium-uiautomator2-server/apks/appium-uiautomator2-server-debug-androidTest.apk' is signed with the default certificate
&amp#27;[38;5;32m[AndroidUiautomator2Driver@2dcf (ed876246)]&amp#27;[0m Server packages are not going to be (re)installed
[debug] &amp#27;[38;5;32m[AndroidUiautomator2Driver@2dcf (ed876246)]&amp#27;[0m Waiting up to 30000ms for services to be available
[debug] &amp#27;[38;5;48m[ADB]&amp#27;[0m Running '/Users/juanquiceno/Library/Android/sdk/platform-tools/adb -P 5037 -s emulator-5554 shell pm list instrumentation'
[debug] &amp#27;[38;5;32m[AndroidUiautomator2Driver@2dcf (ed876246)]&amp#27;[0m Instrumentation target 'io.appium.uiautomator2.server.test/androidx.test.runner.AndroidJUnitRunner' is available
&amp#27;[38;5;48m[ADB]&amp#27;[0m Adding packages ["io.appium.settings","io.appium.uiautomator2.server","io.appium.uiautomator2.server.test"] to Doze whitelist
[debug] &amp#27;[38;5;48m[ADB]&amp#27;[0m Got the following command chunks to execute: [["dumpsys","deviceidle","whitelist","+io.appium.settings",";","dumpsys","deviceidle","whitelist","+io.appium.uiautomator2.server",";","dumpsys","deviceidle","whitelist","+io.appium.uiautomator2.server.test",";"]]
[debug] &amp#27;[38;5;48m[ADB]&amp#27;[0m Running '/Users/juanquiceno/Library/Android/sdk/platform-tools/adb -P 5037 -s emulator-5554 shell dumpsys deviceidle whitelist +io.appium.settings ; dumpsys deviceidle whitelist +io.appium.uiautomator2.server ; dumpsys deviceidle whitelist +io.appium.uiautomator2.server.test ;'
[debug] &amp#27;[38;5;32m[AndroidUiautomator2Driver@2dcf (ed876246)]&amp#27;[0m No app capability. Assuming it is already on the device
[debug] &amp#27;[38;5;48m[ADB]&amp#27;[0m Getting install status for com.saucelabs.mydemoapp.rn
[debug] &amp#27;[38;5;48m[ADB]&amp#27;[0m Running '/Users/juanquiceno/Library/Android/sdk/platform-tools/adb -P 5037 -s emulator-5554 shell dumpsys package com.saucelabs.mydemoapp.rn'
[debug] &amp#27;[38;5;48m[ADB]&amp#27;[0m 'com.saucelabs.mydemoapp.rn' is installed
[debug] &amp#27;[38;5;48m[ADB]&amp#27;[0m Running '/Users/juanquiceno/Library/Android/sdk/platform-tools/adb -P 5037 -s emulator-5554 shell am force-stop com.saucelabs.mydemoapp.rn'
[debug] &amp#27;[38;5;48m[ADB]&amp#27;[0m Running '/Users/juanquiceno/Library/Android/sdk/platform-tools/adb -P 5037 -s emulator-5554 shell pm clear com.saucelabs.mydemoapp.rn'
[debug] &amp#27;[38;5;64m[AndroidDriver]&amp#27;[0m Performed fast reset on the installed 'com.saucelabs.mydemoapp.rn' application (stop and clear)
[debug] &amp#27;[38;5;32m[AndroidUiautomator2Driver@2dcf (ed876246)]&amp#27;[0m Performing shallow cleanup of automation leftovers
[debug] &amp#27;[38;5;32m[AndroidUiautomator2Driver@2dcf (ed876246)]&amp#27;[0m No obsolete sessions have been detected (socket hang up)
[debug] &amp#27;[38;5;48m[ADB]&amp#27;[0m Running '/Users/juanquiceno/Library/Android/sdk/platform-tools/adb -P 5037 -s emulator-5554 shell am force-stop io.appium.uiautomator2.server.test'
&amp#27;[38;5;32m[AndroidUiautomator2Driver@2dcf (ed876246)]&amp#27;[0m Starting UIAutomator2 server 5.7.7
&amp#27;[38;5;32m[AndroidUiautomator2Driver@2dcf (ed876246)]&amp#27;[0m Using UIAutomator2 server from '/Users/juanquiceno/.appium/node_modules/appium-uiautomator2-driver/node_modules/appium-uiautomator2-server/apks/appium-uiautomator2-server-v5.7.7.apk' and test from '/Users/juanquiceno/.appium/node_modules/appium-uiautomator2-driver/node_modules/appium-uiautomator2-server/apks/appium-uiautomator2-server-debug-androidTest.apk'
&amp#27;[38;5;32m[AndroidUiautomator2Driver@2dcf (ed876246)]&amp#27;[0m Waiting up to 30000ms for UiAutomator2 to be online...
[debug] &amp#27;[38;5;48m[ADB]&amp#27;[0m Creating ADB subprocess with args: ["-P",5037,"-s","emulator-5554","shell","am","instrument","-w","-e","disableAnalytics",true,"io.appium.uiautomator2.server.test/androidx.test.runner.AndroidJUnitRunner"]
[debug] &amp#27;[38;5;32m[AndroidUiautomator2Driver@2dcf (ed876246)]&amp#27;[0m Matched '/status' to command name 'getStatus'
[debug] &amp#27;[38;5;32m[AndroidUiautomator2Driver@2dcf (ed876246)]&amp#27;[0m Proxying [GET /status] to [GET http://127.0.0.1:8200/status] with no body
&amp#27;[38;5;32m[AndroidUiautomator2Driver@2dcf (ed876246)]&amp#27;[0m socket hang up
[debug] &amp#27;[38;5;32m[AndroidUiautomator2Driver@2dcf (ed876246)]&amp#27;[0m Matched '/status' to command name 'getStatus'
[debug] &amp#27;[38;5;32m[AndroidUiautomator2Driver@2dcf (ed876246)]&amp#27;[0m Proxying [GET /status] to [GET http://127.0.0.1:8200/status] with no body
&amp#27;[38;5;32m[AndroidUiautomator2Driver@2dcf (ed876246)]&amp#27;[0m socket hang up
[debug] &amp#27;[38;5;32m[AndroidUiautomator2Driver@2dcf (ed876246)]&amp#27;[0m Matched '/status' to command name 'getStatus'
[debug] &amp#27;[38;5;32m[AndroidUiautomator2Driver@2dcf (ed876246)]&amp#27;[0m Proxying [GET /status] to [GET http://127.0.0.1:8200/status] with no body
&amp#27;[38;5;32m[AndroidUiautomator2Driver@2dcf (ed876246)]&amp#27;[0m socket hang up
[debug] &amp#27;[38;5;32m[AndroidUiautomator2Driver@2dcf (ed876246)]&amp#27;[0m Matched '/status' to command name 'getStatus'
[debug] &amp#27;[38;5;32m[AndroidUiautomator2Driver@2dcf (ed876246)]&amp#27;[0m Proxying [GET /status] to [GET http://127.0.0.1:8200/status] with no body
&amp#27;[38;5;32m[AndroidUiautomator2Driver@2dcf (ed876246)]&amp#27;[0m socket hang up
[debug] &amp#27;[38;5;32m[AndroidUiautomator2Driver@2dcf (ed876246)]&amp#27;[0m Matched '/status' to command name 'getStatus'
[debug] &amp#27;[38;5;32m[AndroidUiautomator2Driver@2dcf (ed876246)]&amp#27;[0m Proxying [GET /status] to [GET http://127.0.0.1:8200/status] with no body
&amp#27;[38;5;32m[AndroidUiautomator2Driver@2dcf (ed876246)]&amp#27;[0m socket hang up
[debug] &amp#27;[38;5;32m[AndroidUiautomator2Driver@2dcf (ed876246)]&amp#27;[0m Matched '/status' to command name 'getStatus'
[debug] &amp#27;[38;5;32m[AndroidUiautomator2Driver@2dcf (ed876246)]&amp#27;[0m Proxying [GET /status] to [GET http://127.0.0.1:8200/status] with no body
&amp#27;[38;5;32m[AndroidUiautomator2Driver@2dcf (ed876246)]&amp#27;[0m socket hang up
[debug] &amp#27;[38;5;32m[AndroidUiautomator2Driver@2dcf (ed876246)]&amp#27;[0m Matched '/status' to command name 'getStatus'
[debug] &amp#27;[38;5;32m[AndroidUiautomator2Driver@2dcf (ed876246)]&amp#27;[0m Proxying [GET /status] to [GET http://127.0.0.1:8200/status] with no body
&amp#27;[38;5;32m[AndroidUiautomator2Driver@2dcf (ed876246)]&amp#27;[0m socket hang up
[debug] &amp#27;[38;5;32m[AndroidUiautomator2Driver@2dcf (ed876246)]&amp#27;[0m Matched '/status' to command name 'getStatus'
[debug] &amp#27;[38;5;32m[AndroidUiautomator2Driver@2dcf (ed876246)]&amp#27;[0m Proxying [GET /status] to [GET http://127.0.0.1:8200/status] with no body
&amp#27;[38;5;32m[AndroidUiautomator2Driver@2dcf (ed876246)]&amp#27;[0m socket hang up
[debug] &amp#27;[38;5;32m[AndroidUiautomator2Driver@2dcf (ed876246)]&amp#27;[0m Matched '/status' to command name 'getStatus'
[debug] &amp#27;[38;5;32m[AndroidUiautomator2Driver@2dcf (ed876246)]&amp#27;[0m Proxying [GET /status] to [GET http://127.0.0.1:8200/status] with no body
&amp#27;[38;5;32m[AndroidUiautomator2Driver@2dcf (ed876246)]&amp#27;[0m socket hang up
[debug] &amp#27;[38;5;32m[AndroidUiautomator2Driver@2dcf (ed876246)]&amp#27;[0m Matched '/status' to command name 'getStatus'
[debug] &amp#27;[38;5;32m[AndroidUiautomator2Driver@2dcf (ed876246)]&amp#27;[0m Proxying [GET /status] to [GET http://127.0.0.1:8200/status] with no body
&amp#27;[38;5;32m[AndroidUiautomator2Driver@2dcf (ed876246)]&amp#27;[0m socket hang up
[debug] &amp#27;[38;5;96m[Instrumentation]&amp#27;[0m io.appium.uiautomator2.server.test.AppiumUiAutomator2Server:
[debug] &amp#27;[38;5;32m[AndroidUiautomator2Driver@2dcf (ed876246)]&amp#27;[0m Matched '/status' to command name 'getStatus'
[debug] &amp#27;[38;5;32m[AndroidUiautomator2Driver@2dcf (ed876246)]&amp#27;[0m Proxying [GET /status] to [GET http://127.0.0.1:8200/status] with no body
&amp#27;[38;5;32m[AndroidUiautomator2Driver@2dcf (ed876246)]&amp#27;[0m socket hang up
[debug] &amp#27;[38;5;32m[AndroidUiautomator2Driver@2dcf (ed876246)]&amp#27;[0m Matched '/status' to command name 'getStatus'
[debug] &amp#27;[38;5;32m[AndroidUiautomator2Driver@2dcf (ed876246)]&amp#27;[0m Proxying [GET /status] to [GET http://127.0.0.1:8200/status] with no body
[debug] &amp#27;[38;5;32m[AndroidUiautomator2Driver@2dcf (ed876246)]&amp#27;[0m Got response with status 200: {"sessionId":"None","value":{"message":"UiAutomator2 Server is ready to accept commands","ready":true}}
[debug] &amp#27;[38;5;32m[AndroidUiautomator2Driver@2dcf (ed876246)]&amp#27;[0m The initialization of the instrumentation process took 11596ms
[debug] &amp#27;[38;5;32m[AndroidUiautomator2Driver@2dcf (ed876246)]&amp#27;[0m Matched '/session' to command name 'createSession'
[debug] &amp#27;[38;5;32m[AndroidUiautomator2Driver@2dcf (ed876246)]&amp#27;[0m Proxying [POST /session] to [POST http://127.0.0.1:8200/session] with body: {"capabilities":{"firstMatch":[{"platform":"LINUX","webStorageEnabled":false,"takesScreenshot":true,"javascriptEnabled":true,"databaseEnabled":false,"networkConnectionEnabled":true,"locationContextEnabled":false,"warnings":{},"desired":{"platformName":"android","appActivity":"com.saucelabs.mydemoapp.rn.MainActivity","appPackage":"com.saucelabs.mydemoapp.rn","automationName":"uiautomator2","avd":"Pixel_6_Pro","avdLaunchTimeout":200000,"newCommandTimeout":300,"platformVersion":"13.0"},"platformName":"android","appActivity":"com.saucelabs.mydemoapp.rn.MainActivity","appPackage":"com.saucelabs.mydemoapp.rn","automationName":"uiautomator2","avd":"Pixel_6_Pro","avdLaunchTimeout":200000,"newCommandTimeout":300,"platformVersion":"13.0","deviceName":"emulator-5554","deviceUDID":"emulator-5554"}],"alwaysMatch":{}}}
[debug] &amp#27;[38;5;32m[AndroidUiautomator2Driver@2dcf (ed876246)]&amp#27;[0m Got response with status 200: {"sessionId":"df6a693e-8104-428c-8157-def9ca0a5752","value":{"capabilities":{"firstMatch":[{"platform":"LINUX","webStorageEnabled":false,"takesScreenshot":true,"javascriptEnabled":true,"databaseEnabled":false,"networkConnectionEnabled":true,"locationContextEnabled":false,"warnings":{},"desired":{"platformName":"android","appActivity":"com.saucelabs.mydemoapp.rn.MainActivity","appPackage":"com.saucelabs.mydemoapp.rn","automationName":"uiautomator2","avd":"Pixel_6_Pro","avdLaunchTimeout":200000,"newCommandTimeout":300,"platformVersion":"13.0"},"platformName":"android","appActivity":"com.saucelabs.mydemoapp.rn.MainActivity","appPackage":"com.saucelabs.mydemoapp.rn","automationName":"uiautomator2","avd":"Pixel_6_Pro","avdLaunchTimeout":200000,"newCommandTimeout":300,"platformVersion":"13.0","deviceName":"emulator-5554","deviceUDID":"emulator-5554"}],"alwaysMatch":{}},"sessionId":"df6a693e-8104-428c-8157-def9ca0a5752"}}
&amp#27;[38;5;32m[AndroidUiautomator2Driver@2dcf (ed876246)]&amp#27;[0m Determined the downstream protocol as 'W3C'
[debug] &amp#27;[38;5;32m[AndroidUiautomator2Driver@2dcf (ed876246)]&amp#27;[0m Proxying [GET /appium/device/info] to [GET http://127.0.0.1:8200/session/df6a693e-8104-428c-8157-def9ca0a5752/appium/device/info] with no body
[debug] &amp#27;[38;5;32m[AndroidUiautomator2Driver@2dcf (ed876246)]&amp#27;[0m Got response with status 200: {"sessionId":"df6a693e-8104-428c-8157-def9ca0a5752","value":{"androidId":"50b959f854bedd22","apiVersion":"33","bluetooth":{"state":"OFF"},"brand":"google","carrierName":"","displayDensity":560,"locale":"en_US","manufacturer":"Google","model":"sdk_gphone64_x86_64","networks":[{"capabilities":{"SSID":null,"linkDownBandwidthKbps":30000,"linkUpstreamBandwidthKbps":12000,"networkCapabilities":"NET_CAPABILITY_NOT_METERED,NET_CAPABILITY_INTERNET,NET_CAPABILITY_NOT_RESTRICTED,NET_CAPABILITY_TRUSTED,NET_CAPABILITY_NOT_VPN,NET_CAPABILITY_VALIDATED,NET_CAPABILITY_NOT_ROAMING,NET_CAPABILITY_FOREGROUND,NET_CAPABILITY_NOT_CONGESTED,NET_CAPABILITY_NOT_SUSPENDED","signalStrength":-50,"transportTypes":"TRANSPORT_WIFI"},"detailedState":"CONNECTED","extraInfo":"","isAvailable":true,"isConnected":true,"isFailover":false,"isRoaming":false,"state":"CONNECTED","subtype":-1,"subtypeName":"","type":1,"typeName":"WIFI"}],"platformVersion":"13","realDisplaySize":"1440x3120","timeZone":"America/Bogota"}}
[debug] &amp#27;[38;5;48m[ADB]&amp#27;[0m Running '/Users/juanquiceno/Library/Android/sdk/platform-tools/adb -P 5037 -s emulator-5554 shell dumpsys window'
&amp#27;[38;5;64m[AndroidDriver]&amp#27;[0m Screen already unlocked, doing nothing
&amp#27;[38;5;32m[AndroidUiautomator2Driver@2dcf (ed876246)]&amp#27;[0m Starting 'com.saucelabs.mydemoapp.rn/com.saucelabs.mydemoapp.rn.MainActivity and waiting for 'com.saucelabs.mydemoapp.rn/com.saucelabs.mydemoapp.rn.MainActivity'
[debug] &amp#27;[38;5;48m[ADB]&amp#27;[0m Running '/Users/juanquiceno/Library/Android/sdk/platform-tools/adb -P 5037 -s emulator-5554 shell am start -W -n com.saucelabs.mydemoapp.rn/com.saucelabs.mydemoapp.rn.MainActivity -S -a android.intent.action.MAIN -c android.intent.category.LAUNCHER -f 0x10200000'
[debug] &amp#27;[38;5;32m[AndroidUiautomator2Driver@2dcf (ed876246)]&amp#27;[0m Proxying [GET /appium/device/pixel_ratio] to [GET http://127.0.0.1:8200/session/df6a693e-8104-428c-8157-def9ca0a5752/appium/device/pixel_ratio] with no body
[debug] &amp#27;[38;5;32m[AndroidUiautomator2Driver@2dcf (ed876246)]&amp#27;[0m Got response with status 200: {"sessionId":"df6a693e-8104-428c-8157-def9ca0a5752","value":3.5}
[debug] &amp#27;[38;5;32m[AndroidUiautomator2Driver@2dcf (ed876246)]&amp#27;[0m Matched '/appium/device/system_bars' to command name 'getSystemBars'
[debug] &amp#27;[38;5;32m[AndroidUiautomator2Driver@2dcf (ed876246)]&amp#27;[0m Proxying [GET /appium/device/system_bars] to [GET http://127.0.0.1:8200/session/df6a693e-8104-428c-8157-def9ca0a5752/appium/device/system_bars] with no body
[debug] &amp#27;[38;5;32m[AndroidUiautomator2Driver@2dcf (ed876246)]&amp#27;[0m Got response with status 200: {"sessionId":"df6a693e-8104-428c-8157-def9ca0a5752","value":{"statusBar":136}}
[debug] &amp#27;[38;5;32m[AndroidUiautomator2Driver@2dcf (ed876246)]&amp#27;[0m Matched '/window/current/size' to command name 'getWindowSize'
[debug] &amp#27;[38;5;32m[AndroidUiautomator2Driver@2dcf (ed876246)]&amp#27;[0m Proxying [GET /window/current/size] to [GET http://127.0.0.1:8200/session/df6a693e-8104-428c-8157-def9ca0a5752/window/current/size] with no body
[debug] &amp#27;[38;5;32m[AndroidUiautomator2Driver@2dcf (ed876246)]&amp#27;[0m Got response with status 200: {"sessionId":"df6a693e-8104-428c-8157-def9ca0a5752","value":{"height":2900,"width":1440}}
&amp#27;[38;5;16m[AppiumDriver@47ee]&amp#27;[0m New AndroidUiautomator2Driver session created successfully, session ed876246-30d3-47f3-8f4e-1c002b397410 added to master session list
[debug] &amp#27;[38;5;16m[AppiumDriver@47ee]&amp#27;[0m Event 'newSessionStarted' logged at 1678379281240 (11:28:01 GMT-0500 (Colombia Standard Time))
[debug] &amp#27;[38;5;32m[AndroidUiautomator2Driver@2dcf (ed876246)]&amp#27;[0m Cached the protocol value 'W3C' for the new session ed876246-30d3-47f3-8f4e-1c002b397410
[debug] &amp#27;[38;5;32m[AndroidUiautomator2Driver@2dcf (ed876246)]&amp#27;[0m Responding to client with driver.createSession() result: {"capabilities":{"platform":"LINUX","webStorageEnabled":false,"takesScreenshot":true,"javascriptEnabled":true,"databaseEnabled":false,"networkConnectionEnabled":true,"locationContextEnabled":false,"warnings":{},"desired":{"platformName":"android","appActivity":"com.saucelabs.mydemoapp.rn.MainActivity","appPackage":"com.saucelabs.mydemoapp.rn","automationName":"uiautomator2","avd":"Pixel_6_Pro","avdLaunchTimeout":200000,"newCommandTimeout":300,"platformVersion":"13.0"},"platformName":"android","appActivity":"com.saucelabs.mydemoapp.rn.MainActivity","appPackage":"com.saucelabs.mydemoapp.rn","automationName":"uiautomator2","avd":"Pixel_6_Pro","avdLaunchTimeout":200000,"newCommandTimeout":300,"platformVersion":"13","deviceName":"emulator-5554","deviceUDID":"emulator-5554","deviceApiLevel":33,"deviceScreenSize":"1440x3120","deviceScreenDensity":560,"deviceModel":"sdk_gphone64_x86_64","deviceManufacturer":"Google","pixelRatio":3.5,"statBarHeight":136,"viewportRect":{"left":0,"top":136,"width":1440,"height":2764}}}
&amp#27;[38;5;0m[HTTP]&amp#27;[0m &amp#27;[37m<-- POST /session &amp#27;[39m&amp#27;[32m200&amp#27;[39m &amp#27;[90m24928 ms - 1084&amp#27;[39m
&amp#27;[38;5;0m[HTTP]&amp#27;[0m &amp#27;[90m&amp#27;[39m
&amp#27;[38;5;0m[HTTP]&amp#27;[0m &amp#27;[37m-->&amp#27;[39m &amp#27;[37mPOST&amp#27;[39m &amp#27;[37m/session/ed876246-30d3-47f3-8f4e-1c002b397410/appium/device/activate_app&amp#27;[39m
&amp#27;[38;5;0m[HTTP]&amp#27;[0m &amp#27;[90m{"bundleId":"com.saucelabs.mydemoapp.rn"}&amp#27;[39m
[debug] &amp#27;[38;5;32m[AndroidUiautomator2Driver@2dcf (ed876246)]&amp#27;[0m Calling AppiumDriver.activateApp() with args: ["com.saucelabs.mydemoapp.rn",null,null,null,"ed876246-30d3-47f3-8f4e-1c002b397410"]
[debug] &amp#27;[38;5;32m[AndroidUiautomator2Driver@2dcf (ed876246)]&amp#27;[0m Activating 'com.saucelabs.mydemoapp.rn'
[debug] &amp#27;[38;5;48m[ADB]&amp#27;[0m Running '/Users/juanquiceno/Library/Android/sdk/platform-tools/adb -P 5037 -s emulator-5554 shell cmd package resolve-activity --brief com.saucelabs.mydemoapp.rn'
[debug] &amp#27;[38;5;48m[ADB]&amp#27;[0m Running '/Users/juanquiceno/Library/Android/sdk/platform-tools/adb -P 5037 -s emulator-5554 shell am start-activity -a android.intent.action.MAIN -c android.intent.category.LAUNCHER -f 0x10200000 -n com.saucelabs.mydemoapp.rn/.MainActivity'
[debug] &amp#27;[38;5;32m[AndroidUiautomator2Driver@2dcf (ed876246)]&amp#27;[0m Starting: Intent { act=android.intent.action.MAIN cat=[android.intent.category.LAUNCHER] flg=0x10200000 cmp=com.saucelabs.mydemoapp.rn/.MainActivity }
[debug] &amp#27;[38;5;32m[AndroidUiautomator2Driver@2dcf (ed876246)]&amp#27;[0m Responding to client with driver.activateApp() result: null
&amp#27;[38;5;0m[HTTP]&amp#27;[0m &amp#27;[37m<-- POST /session/ed876246-30d3-47f3-8f4e-1c002b397410/appium/device/activate_app &amp#27;[39m&amp#27;[32m200&amp#27;[39m &amp#27;[90m215 ms - 14&amp#27;[39m
&amp#27;[38;5;0m[HTTP]&amp#27;[0m &amp#27;[90m&amp#27;[39m
]]></system-out>
    <system-err><![CDATA[SLF4J: No SLF4J providers were found.
SLF4J: Defaulting to no-operation (NOP) logger implementation
SLF4J: See https://www.slf4j.org/codes.html#noProviders for further details.
]]></system-err>
  </testcase>
  <testcase name="beforeMethod[public void com.qa.tests.LoginTests.invalidUserName()](0)" classname="com.qa.tests.LoginTests" time="5.092">
    <failure message="Could not initialize class net.sf.cglib.proxy.Enhancer" type="java.lang.NoClassDefFoundError"><![CDATA[java.lang.NoClassDefFoundError: Could not initialize class net.sf.cglib.proxy.Enhancer
	at io.appium.java_client.pagefactory.utils.ProxyFactory.getEnhancedProxy(ProxyFactory.java:53)
	at io.appium.java_client.pagefactory.utils.ProxyFactory.getEnhancedProxy(ProxyFactory.java:33)
	at io.appium.java_client.pagefactory.AppiumFieldDecorator.proxyForAnElement(AppiumFieldDecorator.java:208)
	at io.appium.java_client.pagefactory.AppiumFieldDecorator.access$000(AppiumFieldDecorator.java:60)
	at io.appium.java_client.pagefactory.AppiumFieldDecorator$1.proxyForLocator(AppiumFieldDecorator.java:99)
	at org.openqa.selenium.support.pagefactory.DefaultFieldDecorator.decorate(DefaultFieldDecorator.java:63)
	at io.appium.java_client.pagefactory.AppiumFieldDecorator.decorate(AppiumFieldDecorator.java:146)
	at org.openqa.selenium.support.PageFactory.proxyFields(PageFactory.java:111)
	at org.openqa.selenium.support.PageFactory.initElements(PageFactory.java:103)
	at com.qa.base.BaseTest.<init>(BaseTest.java:67)
	at com.qa.pages.MenuPage.<init>(MenuPage.java:9)
	at com.qa.tests.LoginTests.beforeMethod(LoginTests.java:33)
	at java.base/jdk.internal.reflect.DirectMethodHandleAccessor.invoke(DirectMethodHandleAccessor.java:104)
	at java.base/java.lang.reflect.Method.invoke(Method.java:578)
	at org.testng.internal.invokers.MethodInvocationHelper.invokeMethod(MethodInvocationHelper.java:139)
	at org.testng.internal.invokers.MethodInvocationHelper.invokeMethodConsideringTimeout(MethodInvocationHelper.java:69)
	at org.testng.internal.invokers.ConfigInvoker.invokeConfigurationMethod(ConfigInvoker.java:361)
	at org.testng.internal.invokers.ConfigInvoker.invokeConfigurations(ConfigInvoker.java:296)
	at org.testng.internal.invokers.TestInvoker.runConfigMethods(TestInvoker.java:823)
	at org.testng.internal.invokers.TestInvoker.invokeMethod(TestInvoker.java:590)
	at org.testng.internal.invokers.TestInvoker.invokeTestMethod(TestInvoker.java:221)
	at org.testng.internal.invokers.MethodRunner.runInSequence(MethodRunner.java:50)
	at org.testng.internal.invokers.TestInvoker$MethodInvocationAgent.invoke(TestInvoker.java:969)
	at org.testng.internal.invokers.TestInvoker.invokeTestMethods(TestInvoker.java:194)
	at org.testng.internal.invokers.TestMethodWorker.invokeTestMethods(TestMethodWorker.java:148)
	at org.testng.internal.invokers.TestMethodWorker.run(TestMethodWorker.java:128)
	at java.base/java.util.ArrayList.forEach(ArrayList.java:1511)
	at org.testng.TestRunner.privateRun(TestRunner.java:829)
	at org.testng.TestRunner.run(TestRunner.java:602)
	at org.testng.SuiteRunner.runTest(SuiteRunner.java:437)
	at org.testng.SuiteRunner.runSequentially(SuiteRunner.java:431)
	at org.testng.SuiteRunner.privateRun(SuiteRunner.java:391)
	at org.testng.SuiteRunner.run(SuiteRunner.java:330)
	at org.testng.SuiteRunnerWorker.runSuite(SuiteRunnerWorker.java:52)
	at org.testng.SuiteRunnerWorker.run(SuiteRunnerWorker.java:95)
	at org.testng.TestNG.runSuitesSequentially(TestNG.java:1256)
	at org.testng.TestNG.runSuitesLocally(TestNG.java:1176)
	at org.testng.TestNG.runSuites(TestNG.java:1099)
	at org.testng.TestNG.run(TestNG.java:1067)
	at org.apache.maven.surefire.testng.TestNGExecutor.run(TestNGExecutor.java:324)
	at org.apache.maven.surefire.testng.TestNGXmlTestSuite.execute(TestNGXmlTestSuite.java:74)
	at org.apache.maven.surefire.testng.TestNGProvider.invoke(TestNGProvider.java:123)
	at org.apache.maven.surefire.booter.ForkedBooter.runSuitesInProcess(ForkedBooter.java:456)
	at org.apache.maven.surefire.booter.ForkedBooter.execute(ForkedBooter.java:169)
	at org.apache.maven.surefire.booter.ForkedBooter.run(ForkedBooter.java:595)
	at org.apache.maven.surefire.booter.ForkedBooter.main(ForkedBooter.java:581)
Caused by: java.lang.ExceptionInInitializerError: Exception net.sf.cglib.core.CodeGenerationException: java.lang.reflect.InaccessibleObjectException-->Unable to make protected final java.lang.Class java.lang.ClassLoader.defineClass(java.lang.String,byte[],int,int,java.security.ProtectionDomain) throws java.lang.ClassFormatError accessible: module java.base does not "opens java.lang" to unnamed module @5cc73178 [in thread "main"]
	at net.sf.cglib.core.ReflectUtils.defineClass(ReflectUtils.java:464)
	at net.sf.cglib.core.AbstractClassGenerator.generate(AbstractClassGenerator.java:339)
	at net.sf.cglib.core.AbstractClassGenerator$ClassLoaderData$3.apply(AbstractClassGenerator.java:96)
	at net.sf.cglib.core.AbstractClassGenerator$ClassLoaderData$3.apply(AbstractClassGenerator.java:94)
	at net.sf.cglib.core.internal.LoadingCache$2.call(LoadingCache.java:54)
	at java.base/java.util.concurrent.FutureTask.run(FutureTask.java:317)
	at net.sf.cglib.core.internal.LoadingCache.createEntry(LoadingCache.java:61)
	at net.sf.cglib.core.internal.LoadingCache.get(LoadingCache.java:34)
	at net.sf.cglib.core.AbstractClassGenerator$ClassLoaderData.get(AbstractClassGenerator.java:119)
	at net.sf.cglib.core.AbstractClassGenerator.create(AbstractClassGenerator.java:294)
	at net.sf.cglib.core.KeyFactory$Generator.create(KeyFactory.java:221)
	at net.sf.cglib.core.KeyFactory.create(KeyFactory.java:174)
	at net.sf.cglib.core.KeyFactory.create(KeyFactory.java:153)
	at net.sf.cglib.proxy.Enhancer.<clinit>(Enhancer.java:73)
	... 46 more
]]></failure>
    <system-out><![CDATA[&amp#27;[38;5;0m[HTTP]&amp#27;[0m &amp#27;[37m-->&amp#27;[39m &amp#27;[37mDELETE&amp#27;[39m &amp#27;[37m/session/ed876246-30d3-47f3-8f4e-1c002b397410&amp#27;[39m
&amp#27;[38;5;0m[HTTP]&amp#27;[0m &amp#27;[90m{}&amp#27;[39m
[debug] &amp#27;[38;5;32m[AndroidUiautomator2Driver@2dcf (ed876246)]&amp#27;[0m Calling AppiumDriver.deleteSession() with args: ["ed876246-30d3-47f3-8f4e-1c002b397410"]
[debug] &amp#27;[38;5;16m[AppiumDriver@47ee]&amp#27;[0m Event 'quitSessionRequested' logged at 1678379281754 (11:28:01 GMT-0500 (Colombia Standard Time))
&amp#27;[38;5;16m[AppiumDriver@47ee]&amp#27;[0m Removing session ed876246-30d3-47f3-8f4e-1c002b397410 from our master session list
[debug] &amp#27;[38;5;32m[AndroidUiautomator2Driver@2dcf (ed876246)]&amp#27;[0m Deleting UiAutomator2 session
[debug] &amp#27;[38;5;32m[AndroidUiautomator2Driver@2dcf (ed876246)]&amp#27;[0m Deleting UiAutomator2 server session
[debug] &amp#27;[38;5;32m[AndroidUiautomator2Driver@2dcf (ed876246)]&amp#27;[0m Matched '/' to command name 'deleteSession'
[debug] &amp#27;[38;5;32m[AndroidUiautomator2Driver@2dcf (ed876246)]&amp#27;[0m Proxying [DELETE /] to [DELETE http://127.0.0.1:8200/session/df6a693e-8104-428c-8157-def9ca0a5752] with no body
[debug] &amp#27;[38;5;32m[AndroidUiautomator2Driver@2dcf (ed876246)]&amp#27;[0m Got response with status 200: {"sessionId":"df6a693e-8104-428c-8157-def9ca0a5752","value":null}
[debug] &amp#27;[38;5;48m[ADB]&amp#27;[0m Running '/Users/juanquiceno/Library/Android/sdk/platform-tools/adb -P 5037 -s emulator-5554 shell dumpsys activity services io.appium.settings/.recorder.RecorderService'
[debug] &amp#27;[38;5;48m[ADB]&amp#27;[0m Running '/Users/juanquiceno/Library/Android/sdk/platform-tools/adb -P 5037 -s emulator-5554 shell am force-stop com.saucelabs.mydemoapp.rn'
[debug] &amp#27;[38;5;96m[Instrumentation]&amp#27;[0m .
[debug] &amp#27;[38;5;80m[Logcat]&amp#27;[0m Stopping logcat capture
[debug] &amp#27;[38;5;48m[ADB]&amp#27;[0m Removing forwarded port socket connection: 8200 
[debug] &amp#27;[38;5;48m[ADB]&amp#27;[0m Running '/Users/juanquiceno/Library/Android/sdk/platform-tools/adb -P 5037 -s emulator-5554 forward --remove tcp:8200'
&amp#27;[38;5;32m[AndroidUiautomator2Driver@2dcf (ed876246)]&amp#27;[0m Restoring hidden api policy to the device default configuration
[debug] &amp#27;[38;5;48m[ADB]&amp#27;[0m Running '/Users/juanquiceno/Library/Android/sdk/platform-tools/adb -P 5037 -s emulator-5554 shell 'settings delete global hidden_api_policy_pre_p_apps;settings delete global hidden_api_policy_p_apps;settings delete global hidden_api_policy''
[debug] &amp#27;[38;5;96m[Instrumentation]&amp#27;[0m Time: 7.314
[debug] &amp#27;[38;5;96m[Instrumentation]&amp#27;[0m 
[debug] &amp#27;[38;5;96m[Instrumentation]&amp#27;[0m OK (1 test)
[debug] &amp#27;[38;5;96m[Instrumentation]&amp#27;[0m The process has exited with code 0
[debug] &amp#27;[38;5;16m[AppiumDriver@47ee]&amp#27;[0m Event 'quitSessionFinished' logged at 1678379283066 (11:28:03 GMT-0500 (Colombia Standard Time))
[debug] &amp#27;[38;5;16m[AppiumDriver@47ee]&amp#27;[0m Received response: null
[debug] &amp#27;[38;5;16m[AppiumDriver@47ee]&amp#27;[0m But deleting session, so not returning
[debug] &amp#27;[38;5;16m[AppiumDriver@47ee]&amp#27;[0m Responding to client with driver.deleteSession() result: null
&amp#27;[38;5;0m[HTTP]&amp#27;[0m &amp#27;[37m<-- DELETE /session/ed876246-30d3-47f3-8f4e-1c002b397410 &amp#27;[39m&amp#27;[32m200&amp#27;[39m &amp#27;[90m1313 ms - 14&amp#27;[39m
&amp#27;[38;5;0m[HTTP]&amp#27;[0m &amp#27;[90m&amp#27;[39m
[INFO ] 2023-03-09 11:28:03.283 com.qa.base.BaseTest:140 - iOS appUrl is: /Users/juanquiceno/IdeaProjects/AppiumFramework/src/test/resources/apps/MyRNDemoApp.app
[debug] &amp#27;[38;5;0m[HTTP]&amp#27;[0m Request idempotency key: 6333a902-124a-4576-9d1b-30f06b74dc7e
&amp#27;[38;5;0m[HTTP]&amp#27;[0m &amp#27;[37m-->&amp#27;[39m &amp#27;[37mPOST&amp#27;[39m &amp#27;[37m/session&amp#27;[39m
&amp#27;[38;5;0m[HTTP]&amp#27;[0m &amp#27;[90m{"capabilities":{"firstMatch":[{}],"alwaysMatch":{"appium:automationName":"XCUITest","appium:bundleId":"com.saucelabs.mydemoapp.rn","appium:deviceName":"iPhone 14 Pro Max","appium:newCommandTimeout":300,"appium:platformVersion":"16.2","appium:simulatorStartupTimeout":200000,"platformName":"ios"}}}&amp#27;[39m
[debug] &amp#27;[38;5;16m[AppiumDriver@47ee]&amp#27;[0m Calling AppiumDriver.createSession() with args: [null,null,{"firstMatch":[{}],"alwaysMatch":{"appium:automationName":"XCUITest","appium:bundleId":"com.saucelabs.mydemoapp.rn","appium:deviceName":"iPhone 14 Pro Max","appium:newCommandTimeout":300,"appium:platformVersion":"16.2","appium:simulatorStartupTimeout":200000,"platformName":"ios"}}]
[debug] &amp#27;[38;5;16m[AppiumDriver@47ee]&amp#27;[0m Event 'newSessionRequested' logged at 1678379283293 (11:28:03 GMT-0500 (Colombia Standard Time))
&amp#27;[35m[Appium]&amp#27;[39m Attempting to find matching driver for automationName 'XCUITest' and platformName 'ios'
&amp#27;[35m[Appium]&amp#27;[39m The 'xcuitest' driver was installed and matched caps.
&amp#27;[35m[Appium]&amp#27;[39m Will require it at /Users/juanquiceno/.appium/node_modules/appium-xcuitest-driver
[debug] &amp#27;[35m[Appium]&amp#27;[39m Requiring driver at /Users/juanquiceno/.appium/node_modules/appium-xcuitest-driver
&amp#27;[38;5;16m[AppiumDriver@47ee]&amp#27;[0m Appium v2.0.0-beta.55 creating new XCUITestDriver (v4.16.12) session
&amp#27;[38;5;16m[AppiumDriver@47ee]&amp#27;[0m Checking BaseDriver versions for Appium and XCUITestDriver
&amp#27;[38;5;16m[AppiumDriver@47ee]&amp#27;[0m Appium's BaseDriver version is 9.3.1
&amp#27;[38;5;16m[AppiumDriver@47ee]&amp#27;[0m XCUITestDriver's BaseDriver version is 9.3.1
[debug] &amp#27;[38;5;112m[XCUITestDriver@105a]&amp#27;[0m Creating session with W3C capabilities: {
[debug] &amp#27;[38;5;112m[XCUITestDriver@105a]&amp#27;[0m   "alwaysMatch": {
[debug] &amp#27;[38;5;112m[XCUITestDriver@105a]&amp#27;[0m     "platformName": "ios",
[debug] &amp#27;[38;5;112m[XCUITestDriver@105a]&amp#27;[0m     "appium:automationName": "XCUITest",
[debug] &amp#27;[38;5;112m[XCUITestDriver@105a]&amp#27;[0m     "appium:bundleId": "com.saucelabs.mydemoapp.rn",
[debug] &amp#27;[38;5;112m[XCUITestDriver@105a]&amp#27;[0m     "appium:deviceName": "iPhone 14 Pro Max",
[debug] &amp#27;[38;5;112m[XCUITestDriver@105a]&amp#27;[0m     "appium:newCommandTimeout": 300,
[debug] &amp#27;[38;5;112m[XCUITestDriver@105a]&amp#27;[0m     "appium:platformVersion": "16.2",
[debug] &amp#27;[38;5;112m[XCUITestDriver@105a]&amp#27;[0m     "appium:simulatorStartupTimeout": 200000
[debug] &amp#27;[38;5;112m[XCUITestDriver@105a]&amp#27;[0m   },
[debug] &amp#27;[38;5;112m[XCUITestDriver@105a]&amp#27;[0m   "firstMatch": [
[debug] &amp#27;[38;5;112m[XCUITestDriver@105a]&amp#27;[0m     {}
[debug] &amp#27;[38;5;112m[XCUITestDriver@105a]&amp#27;[0m   ]
[debug] &amp#27;[38;5;112m[XCUITestDriver@105a]&amp#27;[0m }
&amp#27;[38;5;112m[XCUITestDriver@105a (a790b1de)]&amp#27;[0m Session created with session id: a790b1de-1704-436d-8cba-1ab2bacdca89
[debug] &amp#27;[38;5;128m[XCUITest]&amp#27;[0m Current user: 'juanquiceno'
&amp#27;[38;5;112m[XCUITestDriver@105a (a790b1de)]&amp#27;[0m iOS SDK Version set to '16.2'
&amp#27;[38;5;144m[iOSSim]&amp#27;[0m Constructing iOS simulator for Xcode version 14.2 with udid '7818179C-26F1-4267-A8DA-85B4FDB956D0'
&amp#27;[38;5;112m[XCUITestDriver@105a (a790b1de)]&amp#27;[0m Determining device to run tests on: udid: '7818179C-26F1-4267-A8DA-85B4FDB956D0', real device: false
[debug] &amp#27;[38;5;112m[XCUITestDriver@105a (a790b1de)]&amp#27;[0m Event 'xcodeDetailsRetrieved' logged at 1678379283604 (11:28:03 GMT-0500 (Colombia Standard Time))
[debug] &amp#27;[38;5;112m[XCUITestDriver@105a (a790b1de)]&amp#27;[0m Event 'appConfigured' logged at 1678379283605 (11:28:03 GMT-0500 (Colombia Standard Time))
[debug] &amp#27;[38;5;112m[XCUITestDriver@105a (a790b1de)]&amp#27;[0m Event 'resetStarted' logged at 1678379283605 (11:28:03 GMT-0500 (Colombia Standard Time))
[debug] &amp#27;[38;5;160m[simctl]&amp#27;[0m Error running 'terminate': An error was encountered processing the command (domain=NSPOSIXErrorDomain, code=3):
The operation couldn���t be completed. found nothing to terminate
found nothing to terminate
&amp#27;[38;5;128m[XCUITest]&amp#27;[0m Reset: failed to terminate Simulator application with id "com.saucelabs.mydemoapp.rn"
&amp#27;[38;5;144m[iOSSim]&amp#27;[0m Found 9 com.saucelabs.mydemoapp.rn app files to scrub
[debug] &amp#27;[38;5;160m[simctl]&amp#27;[0m Error running 'terminate': An error was encountered processing the command (domain=NSPOSIXErrorDomain, code=3):
The operation couldn���t be completed. found nothing to terminate
found nothing to terminate
[debug] &amp#27;[38;5;112m[XCUITestDriver@105a (a790b1de)]&amp#27;[0m Event 'resetComplete' logged at 1678379284078 (11:28:04 GMT-0500 (Colombia Standard Time))
&amp#27;[38;5;112m[XCUITestDriver@105a (a790b1de)]&amp#27;[0m Using WDA path: '/Users/juanquiceno/.appium/node_modules/appium-xcuitest-driver/node_modules/appium-webdriveragent'
&amp#27;[38;5;112m[XCUITestDriver@105a (a790b1de)]&amp#27;[0m Using WDA agent: '/Users/juanquiceno/.appium/node_modules/appium-xcuitest-driver/node_modules/appium-webdriveragent/WebDriverAgent.xcodeproj'
[debug] &amp#27;[38;5;176m[IOSSimulatorLog]&amp#27;[0m Starting log capture for iOS Simulator with udid '7818179C-26F1-4267-A8DA-85B4FDB956D0' using simctl
[debug] &amp#27;[38;5;112m[XCUITestDriver@105a (a790b1de)]&amp#27;[0m Event 'logCaptureStarted' logged at 1678379284429 (11:28:04 GMT-0500 (Colombia Standard Time))
&amp#27;[38;5;112m[XCUITestDriver@105a (a790b1de)]&amp#27;[0m Setting up simulator
[debug] &amp#27;[38;5;144m[iOSSim]&amp#27;[0m Setting preferences of 7818179C-26F1-4267-A8DA-85B4FDB956D0 Simulator to {"ConnectHardwareKeyboard":false}
[debug] &amp#27;[38;5;144m[iOSSim]&amp#27;[0m Setting common Simulator preferences to {"RotateWindowWhenSignaledByGuest":true,"StartLastDeviceOnLaunch":false,"DetachOnWindowClose":false,"AttachBootedOnStart":true,"ConnectHardwareKeyboard":false,"PasteboardAutomaticSync":false}
[debug] &amp#27;[38;5;144m[iOSSim]&amp#27;[0m Updated 7818179C-26F1-4267-A8DA-85B4FDB956D0 Simulator preferences at '/Users/juanquiceno/Library/Preferences/com.apple.iphonesimulator.plist' with {"RotateWindowWhenSignaledByGuest":true,"StartLastDeviceOnLaunch":false,"DetachOnWindowClose":false,"AttachBootedOnStart":true,"ConnectHardwareKeyboard":false,"PasteboardAutomaticSync":false,"DevicePreferences":{"7818179C-26F1-4267-A8DA-85B4FDB956D0":{"ConnectHardwareKeyboard":false,"SimulatorExternalDisplay":2114,"SimulatorWindowRotationAngle":0,"SimulatorWindowGeometry":{"CF1CE52D-09E1-4C3B-8124-5646048E22E9":{"WindowCenter":"{252, 570}","WindowScale":1}},"SimulatorWindowOrientation":"Portrait","ChromeTint":""}}}
[debug] &amp#27;[38;5;144m[iOSSim]&amp#27;[0m Got Simulator UI client PID: 74123
&amp#27;[38;5;144m[iOSSim]&amp#27;[0m Both Simulator with UDID '7818179C-26F1-4267-A8DA-85B4FDB956D0' and the UI client are currently running
[debug] &amp#27;[38;5;112m[XCUITestDriver@105a (a790b1de)]&amp#27;[0m Event 'simStarted' logged at 1678379284855 (11:28:04 GMT-0500 (Colombia Standard Time))
[debug] &amp#27;[38;5;112m[XCUITestDriver@105a (a790b1de)]&amp#27;[0m No obsolete cached processes from previous WDA sessions listening on port 8100 have been found
&amp#27;[38;5;192m[DevCon Factory]&amp#27;[0m Requesting connection for device 7818179C-26F1-4267-A8DA-85B4FDB956D0 on local port 8100
[debug] &amp#27;[38;5;192m[DevCon Factory]&amp#27;[0m Cached connections count: 0
&amp#27;[38;5;192m[DevCon Factory]&amp#27;[0m Successfully requested the connection for 7818179C-26F1-4267-A8DA-85B4FDB956D0:8100
[debug] &amp#27;[38;5;112m[XCUITestDriver@105a (a790b1de)]&amp#27;[0m Starting WebDriverAgent initialization with the synchronization key 'XCUITestDriver'
[debug] &amp#27;[38;5;208m[WD Proxy]&amp#27;[0m Matched '/status' to command name 'getStatus'
[debug] &amp#27;[38;5;208m[WD Proxy]&amp#27;[0m Proxying [GET /status] to [GET http://127.0.0.1:8100/status] with no body
[debug] &amp#27;[38;5;208m[WD Proxy]&amp#27;[0m Got response with status 200: {"value":{"message":"WebDriverAgent is ready to accept commands","state":"success","os":{"testmanagerdVersion":28,"name":"iOS","sdkVersion":"16.1","version":"16.2"},"ios":{"simulatorVersion":"16.2","ip":"192.168.93.135"},"ready":true,"build":{"upgradedAt":"1676305612634","time":"Mar  7 2023 09:51:06","productBundleIdentifier":"com.facebook.WebDriverAgentRunner"}},"sessionId":null}
[debug] &amp#27;[38;5;112m[XCUITestDriver@105a (a790b1de)]&amp#27;[0m Upgrade timestamp of the currently bundled WDA: 1676305612634
[debug] &amp#27;[38;5;112m[XCUITestDriver@105a (a790b1de)]&amp#27;[0m Upgrade timestamp of the WDA on the device: 1676305612634
&amp#27;[38;5;112m[XCUITestDriver@105a (a790b1de)]&amp#27;[0m Will reuse previously cached WDA instance at 'http://127.0.0.1:8100/' with 'com.facebook.WebDriverAgentRunner'. Set the wdaLocalPort capability to a value different from 8100 if this is an undesired behavior.
[debug] &amp#27;[38;5;112m[XCUITestDriver@105a (a790b1de)]&amp#27;[0m Trying to start WebDriverAgent 2 times with 10000ms interval
[debug] &amp#27;[38;5;112m[XCUITestDriver@105a (a790b1de)]&amp#27;[0m These values can be customized by changing wdaStartupRetries/wdaStartupRetryInterval capabilities
[debug] &amp#27;[38;5;112m[XCUITestDriver@105a (a790b1de)]&amp#27;[0m Event 'wdaStartAttempted' logged at 1678379285137 (11:28:05 GMT-0500 (Colombia Standard Time))
&amp#27;[38;5;112m[XCUITestDriver@105a (a790b1de)]&amp#27;[0m Using provided WebdriverAgent at 'http://127.0.0.1:8100/'
[debug] &amp#27;[38;5;208m[WD Proxy]&amp#27;[0m Matched '/status' to command name 'getStatus'
[debug] &amp#27;[38;5;208m[WD Proxy]&amp#27;[0m Proxying [GET /status] to [GET http://127.0.0.1:8100/status] with no body
[debug] &amp#27;[38;5;208m[WD Proxy]&amp#27;[0m Got response with status 200: {"value":{"message":"WebDriverAgent is ready to accept commands","state":"success","os":{"testmanagerdVersion":28,"name":"iOS","sdkVersion":"16.1","version":"16.2"},"ios":{"simulatorVersion":"16.2","ip":"192.168.93.135"},"ready":true,"build":{"upgradedAt":"1676305612634","time":"Mar  7 2023 09:51:06","productBundleIdentifier":"com.facebook.WebDriverAgentRunner"}},"sessionId":null}
[debug] &amp#27;[38;5;112m[XCUITestDriver@105a (a790b1de)]&amp#27;[0m Event 'wdaSessionAttempted' logged at 1678379285141 (11:28:05 GMT-0500 (Colombia Standard Time))
[debug] &amp#27;[38;5;112m[XCUITestDriver@105a (a790b1de)]&amp#27;[0m Sending createSession command to WDA
[debug] &amp#27;[38;5;112m[XCUITestDriver@105a (a790b1de)]&amp#27;[0m Matched '/session' to command name 'createSession'
[debug] &amp#27;[38;5;112m[XCUITestDriver@105a (a790b1de)]&amp#27;[0m Proxying [POST /session] to [POST http://127.0.0.1:8100/session] with body: {"capabilities":{"firstMatch":[{"bundleId":"com.saucelabs.mydemoapp.rn","arguments":[],"environment":{},"eventloopIdleDelaySec":0,"shouldWaitForQuiescence":true,"shouldUseTestManagerForVisibilityDetection":false,"maxTypingFrequency":60,"shouldUseSingletonTestManager":true,"shouldTerminateApp":true,"forceAppLaunch":true,"useNativeCachingStrategy":true,"forceSimulatorSoftwareKeyboardPresence":true}],"alwaysMatch":{}}}
[debug] &amp#27;[38;5;112m[XCUITestDriver@105a (a790b1de)]&amp#27;[0m Got response with status 200: {"value":{"sessionId":"87DCC074-A15A-4F0B-A850-53F149E69B14","capabilities":{"device":"iphone","browserName":"My Demo App","sdkVersion":"16.2","CFBundleIdentifier":"com.saucelabs.mydemoapp.rn"}},"sessionId":"87DCC074-A15A-4F0B-A850-53F149E69B14"}
&amp#27;[38;5;112m[XCUITestDriver@105a (a790b1de)]&amp#27;[0m Determined the downstream protocol as 'W3C'
[debug] &amp#27;[38;5;112m[XCUITestDriver@105a (a790b1de)]&amp#27;[0m Event 'wdaSessionStarted' logged at 1678379286790 (11:28:06 GMT-0500 (Colombia Standard Time))
[debug] &amp#27;[38;5;112m[XCUITestDriver@105a (a790b1de)]&amp#27;[0m Event 'wdaStarted' logged at 1678379286790 (11:28:06 GMT-0500 (Colombia Standard Time))
[debug] &amp#27;[38;5;224m[BaseDriver]&amp#27;[0m The value of 'elementResponseAttributes' setting did not change. Skipping the update for it
[debug] &amp#27;[38;5;224m[BaseDriver]&amp#27;[0m The value of 'shouldUseCompactResponses' setting did not change. Skipping the update for it
&amp#27;[38;5;16m[AppiumDriver@47ee]&amp#27;[0m New XCUITestDriver session created successfully, session a790b1de-1704-436d-8cba-1ab2bacdca89 added to master session list
[debug] &amp#27;[38;5;16m[AppiumDriver@47ee]&amp#27;[0m Event 'newSessionStarted' logged at 1678379286791 (11:28:06 GMT-0500 (Colombia Standard Time))
[debug] &amp#27;[38;5;112m[XCUITestDriver@105a (a790b1de)]&amp#27;[0m Cached the protocol value 'W3C' for the new session a790b1de-1704-436d-8cba-1ab2bacdca89
[debug] &amp#27;[38;5;112m[XCUITestDriver@105a (a790b1de)]&amp#27;[0m Responding to client with driver.createSession() result: {"capabilities":{"webStorageEnabled":false,"locationContextEnabled":false,"browserName":"","platform":"MAC","javascriptEnabled":true,"databaseEnabled":false,"takesScreenshot":true,"networkConnectionEnabled":false,"platformName":"ios","automationName":"XCUITest","bundleId":"com.saucelabs.mydemoapp.rn","deviceName":"iPhone 14 Pro Max","newCommandTimeout":300,"platformVersion":"16.2","simulatorStartupTimeout":200000,"udid":"7818179C-26F1-4267-A8DA-85B4FDB956D0"}}
&amp#27;[38;5;0m[HTTP]&amp#27;[0m &amp#27;[37m<-- POST /session &amp#27;[39m&amp#27;[32m200&amp#27;[39m &amp#27;[90m3499 ms - 525&amp#27;[39m
&amp#27;[38;5;0m[HTTP]&amp#27;[0m &amp#27;[90m&amp#27;[39m
&amp#27;[38;5;0m[HTTP]&amp#27;[0m &amp#27;[37m-->&amp#27;[39m &amp#27;[37mPOST&amp#27;[39m &amp#27;[37m/session/a790b1de-1704-436d-8cba-1ab2bacdca89/appium/device/activate_app&amp#27;[39m
&amp#27;[38;5;0m[HTTP]&amp#27;[0m &amp#27;[90m{"bundleId":"com.saucelabs.mydemoapp.rn"}&amp#27;[39m
[debug] &amp#27;[38;5;112m[XCUITestDriver@105a (a790b1de)]&amp#27;[0m Calling AppiumDriver.activateApp() with args: ["com.saucelabs.mydemoapp.rn",null,null,null,"a790b1de-1704-436d-8cba-1ab2bacdca89"]
[debug] &amp#27;[38;5;112m[XCUITestDriver@105a (a790b1de)]&amp#27;[0m Executing command 'activateApp'
[debug] &amp#27;[38;5;112m[XCUITestDriver@105a (a790b1de)]&amp#27;[0m Proxying [POST /wda/apps/launch] to [POST http://127.0.0.1:8100/session/87DCC074-A15A-4F0B-A850-53F149E69B14/wda/apps/launch] with body: {"bundleId":"com.saucelabs.mydemoapp.rn"}
[debug] &amp#27;[38;5;112m[XCUITestDriver@105a (a790b1de)]&amp#27;[0m Parsed BUILD_DIR configuration value: '/Users/juanquiceno/Library/Developer/Xcode/DerivedData/WebDriverAgent-fcheqqzyophumbdczwucgddfcpcr/Build/Products'
[debug] &amp#27;[38;5;112m[XCUITestDriver@105a (a790b1de)]&amp#27;[0m Got derived data root: '/Users/juanquiceno/Library/Developer/Xcode/DerivedData/WebDriverAgent-fcheqqzyophumbdczwucgddfcpcr'
[debug] &amp#27;[38;5;112m[XCUITestDriver@105a (a790b1de)]&amp#27;[0m Got response with status 200: {"value":null,"sessionId":"87DCC074-A15A-4F0B-A850-53F149E69B14"}
[debug] &amp#27;[38;5;112m[XCUITestDriver@105a (a790b1de)]&amp#27;[0m Responding to client with driver.activateApp() result: null
&amp#27;[38;5;0m[HTTP]&amp#27;[0m &amp#27;[37m<-- POST /session/a790b1de-1704-436d-8cba-1ab2bacdca89/appium/device/activate_app &amp#27;[39m&amp#27;[32m200&amp#27;[39m &amp#27;[90m34 ms - 14&amp#27;[39m
&amp#27;[38;5;0m[HTTP]&amp#27;[0m &amp#27;[90m&amp#27;[39m
]]></system-out>
  </testcase>
  <testcase name="invalidUserName" classname="com.qa.tests.LoginTests" time="0">
    <skipped/>
  </testcase>
  <testcase name="invalidUserName" classname="com.qa.tests.LoginTests" time="0">
    <skipped message="Could not initialize class net.sf.cglib.proxy.Enhancer"/>
  </testcase>
  <testcase name="afterMethod" classname="com.qa.tests.LoginTests" time="0.147">
    <failure message="Cannot invoke &quot;com.qa.utils.TestUtils.log()&quot; because &quot;this.testUtils&quot; is null" type="java.lang.NullPointerException"><![CDATA[java.lang.NullPointerException: Cannot invoke "com.qa.utils.TestUtils.log()" because "this.testUtils" is null
	at com.qa.tests.LoginTests.afterMethod(LoginTests.java:65)
	at java.base/jdk.internal.reflect.DirectMethodHandleAccessor.invoke(DirectMethodHandleAccessor.java:104)
	at java.base/java.lang.reflect.Method.invoke(Method.java:578)
	at org.testng.internal.invokers.MethodInvocationHelper.invokeMethod(MethodInvocationHelper.java:139)
	at org.testng.internal.invokers.MethodInvocationHelper.invokeMethodConsideringTimeout(MethodInvocationHelper.java:69)
	at org.testng.internal.invokers.ConfigInvoker.invokeConfigurationMethod(ConfigInvoker.java:361)
	at org.testng.internal.invokers.ConfigInvoker.invokeConfigurations(ConfigInvoker.java:296)
	at org.testng.internal.invokers.TestInvoker.runConfigMethods(TestInvoker.java:823)
	at org.testng.internal.invokers.TestInvoker.runAfterConfigurations(TestInvoker.java:792)
	at org.testng.internal.invokers.TestInvoker.invokeMethod(TestInvoker.java:613)
	at org.testng.internal.invokers.TestInvoker.invokeTestMethod(TestInvoker.java:221)
	at org.testng.internal.invokers.MethodRunner.runInSequence(MethodRunner.java:50)
	at org.testng.internal.invokers.TestInvoker$MethodInvocationAgent.invoke(TestInvoker.java:969)
	at org.testng.internal.invokers.TestInvoker.invokeTestMethods(TestInvoker.java:194)
	at org.testng.internal.invokers.TestMethodWorker.invokeTestMethods(TestMethodWorker.java:148)
	at org.testng.internal.invokers.TestMethodWorker.run(TestMethodWorker.java:128)
	at java.base/java.util.ArrayList.forEach(ArrayList.java:1511)
	at org.testng.TestRunner.privateRun(TestRunner.java:829)
	at org.testng.TestRunner.run(TestRunner.java:602)
	at org.testng.SuiteRunner.runTest(SuiteRunner.java:437)
	at org.testng.SuiteRunner.runSequentially(SuiteRunner.java:431)
	at org.testng.SuiteRunner.privateRun(SuiteRunner.java:391)
	at org.testng.SuiteRunner.run(SuiteRunner.java:330)
	at org.testng.SuiteRunnerWorker.runSuite(SuiteRunnerWorker.java:52)
	at org.testng.SuiteRunnerWorker.run(SuiteRunnerWorker.java:95)
	at org.testng.TestNG.runSuitesSequentially(TestNG.java:1256)
	at org.testng.TestNG.runSuitesLocally(TestNG.java:1176)
	at org.testng.TestNG.runSuites(TestNG.java:1099)
	at org.testng.TestNG.run(TestNG.java:1067)
	at org.apache.maven.surefire.testng.TestNGExecutor.run(TestNGExecutor.java:324)
	at org.apache.maven.surefire.testng.TestNGXmlTestSuite.execute(TestNGXmlTestSuite.java:74)
	at org.apache.maven.surefire.testng.TestNGProvider.invoke(TestNGProvider.java:123)
	at org.apache.maven.surefire.booter.ForkedBooter.runSuitesInProcess(ForkedBooter.java:456)
	at org.apache.maven.surefire.booter.ForkedBooter.execute(ForkedBooter.java:169)
	at org.apache.maven.surefire.booter.ForkedBooter.run(ForkedBooter.java:595)
	at org.apache.maven.surefire.booter.ForkedBooter.main(ForkedBooter.java:581)
]]></failure>
  </testcase>
  <testcase name="afterMethod" classname="com.qa.tests.LoginTests" time="0.002">
    <failure message="Cannot invoke &quot;com.qa.utils.TestUtils.log()&quot; because &quot;this.testUtils&quot; is null" type="java.lang.NullPointerException"><![CDATA[java.lang.NullPointerException: Cannot invoke "com.qa.utils.TestUtils.log()" because "this.testUtils" is null
	at com.qa.tests.LoginTests.afterMethod(LoginTests.java:65)
	at java.base/jdk.internal.reflect.DirectMethodHandleAccessor.invoke(DirectMethodHandleAccessor.java:104)
	at java.base/java.lang.reflect.Method.invoke(Method.java:578)
	at org.testng.internal.invokers.MethodInvocationHelper.invokeMethod(MethodInvocationHelper.java:139)
	at org.testng.internal.invokers.MethodInvocationHelper.invokeMethodConsideringTimeout(MethodInvocationHelper.java:69)
	at org.testng.internal.invokers.ConfigInvoker.invokeConfigurationMethod(ConfigInvoker.java:361)
	at org.testng.internal.invokers.ConfigInvoker.invokeConfigurations(ConfigInvoker.java:296)
	at org.testng.internal.invokers.TestInvoker.runConfigMethods(TestInvoker.java:823)
	at org.testng.internal.invokers.TestInvoker.runAfterConfigurations(TestInvoker.java:792)
	at org.testng.internal.invokers.TestInvoker.invokeMethod(TestInvoker.java:613)
	at org.testng.internal.invokers.TestInvoker.invokeTestMethod(TestInvoker.java:221)
	at org.testng.internal.invokers.MethodRunner.runInSequence(MethodRunner.java:50)
	at org.testng.internal.invokers.TestInvoker$MethodInvocationAgent.invoke(TestInvoker.java:969)
	at org.testng.internal.invokers.TestInvoker.invokeTestMethods(TestInvoker.java:194)
	at org.testng.internal.invokers.TestMethodWorker.invokeTestMethods(TestMethodWorker.java:148)
	at org.testng.internal.invokers.TestMethodWorker.run(TestMethodWorker.java:128)
	at java.base/java.util.ArrayList.forEach(ArrayList.java:1511)
	at org.testng.TestRunner.privateRun(TestRunner.java:829)
	at org.testng.TestRunner.run(TestRunner.java:602)
	at org.testng.SuiteRunner.runTest(SuiteRunner.java:437)
	at org.testng.SuiteRunner.runSequentially(SuiteRunner.java:431)
	at org.testng.SuiteRunner.privateRun(SuiteRunner.java:391)
	at org.testng.SuiteRunner.run(SuiteRunner.java:330)
	at org.testng.SuiteRunnerWorker.runSuite(SuiteRunnerWorker.java:52)
	at org.testng.SuiteRunnerWorker.run(SuiteRunnerWorker.java:95)
	at org.testng.TestNG.runSuitesSequentially(TestNG.java:1256)
	at org.testng.TestNG.runSuitesLocally(TestNG.java:1176)
	at org.testng.TestNG.runSuites(TestNG.java:1099)
	at org.testng.TestNG.run(TestNG.java:1067)
	at org.apache.maven.surefire.testng.TestNGExecutor.run(TestNGExecutor.java:324)
	at org.apache.maven.surefire.testng.TestNGXmlTestSuite.execute(TestNGXmlTestSuite.java:74)
	at org.apache.maven.surefire.testng.TestNGProvider.invoke(TestNGProvider.java:123)
	at org.apache.maven.surefire.booter.ForkedBooter.runSuitesInProcess(ForkedBooter.java:456)
	at org.apache.maven.surefire.booter.ForkedBooter.execute(ForkedBooter.java:169)
	at org.apache.maven.surefire.booter.ForkedBooter.run(ForkedBooter.java:595)
	at org.apache.maven.surefire.booter.ForkedBooter.main(ForkedBooter.java:581)
]]></failure>
  </testcase>
  <testcase name="afterMethod" classname="com.qa.tests.LoginTests" time="0.001">
    <failure message="Cannot invoke &quot;com.qa.utils.TestUtils.log()&quot; because &quot;this.testUtils&quot; is null" type="java.lang.NullPointerException"><![CDATA[java.lang.NullPointerException: Cannot invoke "com.qa.utils.TestUtils.log()" because "this.testUtils" is null
	at com.qa.tests.LoginTests.afterMethod(LoginTests.java:65)
	at java.base/jdk.internal.reflect.DirectMethodHandleAccessor.invoke(DirectMethodHandleAccessor.java:104)
	at java.base/java.lang.reflect.Method.invoke(Method.java:578)
	at org.testng.internal.invokers.MethodInvocationHelper.invokeMethod(MethodInvocationHelper.java:139)
	at org.testng.internal.invokers.MethodInvocationHelper.invokeMethodConsideringTimeout(MethodInvocationHelper.java:69)
	at org.testng.internal.invokers.ConfigInvoker.invokeConfigurationMethod(ConfigInvoker.java:361)
	at org.testng.internal.invokers.ConfigInvoker.invokeConfigurations(ConfigInvoker.java:296)
	at org.testng.internal.invokers.TestInvoker.runConfigMethods(TestInvoker.java:823)
	at org.testng.internal.invokers.TestInvoker.runAfterConfigurations(TestInvoker.java:792)
	at org.testng.internal.invokers.TestInvoker.invokeMethod(TestInvoker.java:613)
	at org.testng.internal.invokers.TestInvoker.invokeTestMethod(TestInvoker.java:221)
	at org.testng.internal.invokers.MethodRunner.runInSequence(MethodRunner.java:50)
	at org.testng.internal.invokers.TestInvoker$MethodInvocationAgent.invoke(TestInvoker.java:969)
	at org.testng.internal.invokers.TestInvoker.invokeTestMethods(TestInvoker.java:194)
	at org.testng.internal.invokers.TestMethodWorker.invokeTestMethods(TestMethodWorker.java:148)
	at org.testng.internal.invokers.TestMethodWorker.run(TestMethodWorker.java:128)
	at java.base/java.util.ArrayList.forEach(ArrayList.java:1511)
	at org.testng.TestRunner.privateRun(TestRunner.java:829)
	at org.testng.TestRunner.run(TestRunner.java:602)
	at org.testng.SuiteRunner.runTest(SuiteRunner.java:437)
	at org.testng.SuiteRunner.runSequentially(SuiteRunner.java:431)
	at org.testng.SuiteRunner.privateRun(SuiteRunner.java:391)
	at org.testng.SuiteRunner.run(SuiteRunner.java:330)
	at org.testng.SuiteRunnerWorker.runSuite(SuiteRunnerWorker.java:52)
	at org.testng.SuiteRunnerWorker.run(SuiteRunnerWorker.java:95)
	at org.testng.TestNG.runSuitesSequentially(TestNG.java:1256)
	at org.testng.TestNG.runSuitesLocally(TestNG.java:1176)
	at org.testng.TestNG.runSuites(TestNG.java:1099)
	at org.testng.TestNG.run(TestNG.java:1067)
	at org.apache.maven.surefire.testng.TestNGExecutor.run(TestNGExecutor.java:324)
	at org.apache.maven.surefire.testng.TestNGXmlTestSuite.execute(TestNGXmlTestSuite.java:74)
	at org.apache.maven.surefire.testng.TestNGProvider.invoke(TestNGProvider.java:123)
	at org.apache.maven.surefire.booter.ForkedBooter.runSuitesInProcess(ForkedBooter.java:456)
	at org.apache.maven.surefire.booter.ForkedBooter.execute(ForkedBooter.java:169)
	at org.apache.maven.surefire.booter.ForkedBooter.run(ForkedBooter.java:595)
	at org.apache.maven.surefire.booter.ForkedBooter.main(ForkedBooter.java:581)
]]></failure>
  </testcase>
  <testcase name="afterMethod" classname="com.qa.tests.LoginTests" time="0">
    <failure message="Cannot invoke &quot;com.qa.utils.TestUtils.log()&quot; because &quot;this.testUtils&quot; is null" type="java.lang.NullPointerException"><![CDATA[java.lang.NullPointerException: Cannot invoke "com.qa.utils.TestUtils.log()" because "this.testUtils" is null
	at com.qa.tests.LoginTests.afterMethod(LoginTests.java:65)
	at java.base/jdk.internal.reflect.DirectMethodHandleAccessor.invoke(DirectMethodHandleAccessor.java:104)
	at java.base/java.lang.reflect.Method.invoke(Method.java:578)
	at org.testng.internal.invokers.MethodInvocationHelper.invokeMethod(MethodInvocationHelper.java:139)
	at org.testng.internal.invokers.MethodInvocationHelper.invokeMethodConsideringTimeout(MethodInvocationHelper.java:69)
	at org.testng.internal.invokers.ConfigInvoker.invokeConfigurationMethod(ConfigInvoker.java:361)
	at org.testng.internal.invokers.ConfigInvoker.invokeConfigurations(ConfigInvoker.java:296)
	at org.testng.internal.invokers.TestInvoker.runConfigMethods(TestInvoker.java:823)
	at org.testng.internal.invokers.TestInvoker.runAfterConfigurations(TestInvoker.java:792)
	at org.testng.internal.invokers.TestInvoker.invokeMethod(TestInvoker.java:613)
	at org.testng.internal.invokers.TestInvoker.invokeTestMethod(TestInvoker.java:221)
	at org.testng.internal.invokers.MethodRunner.runInSequence(MethodRunner.java:50)
	at org.testng.internal.invokers.TestInvoker$MethodInvocationAgent.invoke(TestInvoker.java:969)
	at org.testng.internal.invokers.TestInvoker.invokeTestMethods(TestInvoker.java:194)
	at org.testng.internal.invokers.TestMethodWorker.invokeTestMethods(TestMethodWorker.java:148)
	at org.testng.internal.invokers.TestMethodWorker.run(TestMethodWorker.java:128)
	at java.base/java.util.ArrayList.forEach(ArrayList.java:1511)
	at org.testng.TestRunner.privateRun(TestRunner.java:829)
	at org.testng.TestRunner.run(TestRunner.java:602)
	at org.testng.SuiteRunner.runTest(SuiteRunner.java:437)
	at org.testng.SuiteRunner.runSequentially(SuiteRunner.java:431)
	at org.testng.SuiteRunner.privateRun(SuiteRunner.java:391)
	at org.testng.SuiteRunner.run(SuiteRunner.java:330)
	at org.testng.SuiteRunnerWorker.runSuite(SuiteRunnerWorker.java:52)
	at org.testng.SuiteRunnerWorker.run(SuiteRunnerWorker.java:95)
	at org.testng.TestNG.runSuitesSequentially(TestNG.java:1256)
	at org.testng.TestNG.runSuitesLocally(TestNG.java:1176)
	at org.testng.TestNG.runSuites(TestNG.java:1099)
	at org.testng.TestNG.run(TestNG.java:1067)
	at org.apache.maven.surefire.testng.TestNGExecutor.run(TestNGExecutor.java:324)
	at org.apache.maven.surefire.testng.TestNGXmlTestSuite.execute(TestNGXmlTestSuite.java:74)
	at org.apache.maven.surefire.testng.TestNGProvider.invoke(TestNGProvider.java:123)
	at org.apache.maven.surefire.booter.ForkedBooter.runSuitesInProcess(ForkedBooter.java:456)
	at org.apache.maven.surefire.booter.ForkedBooter.execute(ForkedBooter.java:169)
	at org.apache.maven.surefire.booter.ForkedBooter.run(ForkedBooter.java:595)
	at org.apache.maven.surefire.booter.ForkedBooter.main(ForkedBooter.java:581)
]]></failure>
  </testcase>
  <testcase name="afterMethod" classname="com.qa.tests.LoginTests" time="0.001">
    <failure message="Cannot invoke &quot;com.qa.utils.TestUtils.log()&quot; because &quot;this.testUtils&quot; is null" type="java.lang.NullPointerException"><![CDATA[java.lang.NullPointerException: Cannot invoke "com.qa.utils.TestUtils.log()" because "this.testUtils" is null
	at com.qa.tests.LoginTests.afterMethod(LoginTests.java:65)
	at java.base/jdk.internal.reflect.DirectMethodHandleAccessor.invoke(DirectMethodHandleAccessor.java:104)
	at java.base/java.lang.reflect.Method.invoke(Method.java:578)
	at org.testng.internal.invokers.MethodInvocationHelper.invokeMethod(MethodInvocationHelper.java:139)
	at org.testng.internal.invokers.MethodInvocationHelper.invokeMethodConsideringTimeout(MethodInvocationHelper.java:69)
	at org.testng.internal.invokers.ConfigInvoker.invokeConfigurationMethod(ConfigInvoker.java:361)
	at org.testng.internal.invokers.ConfigInvoker.invokeConfigurations(ConfigInvoker.java:296)
	at org.testng.internal.invokers.TestInvoker.runConfigMethods(TestInvoker.java:823)
	at org.testng.internal.invokers.TestInvoker.runAfterConfigurations(TestInvoker.java:792)
	at org.testng.internal.invokers.TestInvoker.invokeMethod(TestInvoker.java:613)
	at org.testng.internal.invokers.TestInvoker.invokeTestMethod(TestInvoker.java:221)
	at org.testng.internal.invokers.MethodRunner.runInSequence(MethodRunner.java:50)
	at org.testng.internal.invokers.TestInvoker$MethodInvocationAgent.invoke(TestInvoker.java:969)
	at org.testng.internal.invokers.TestInvoker.invokeTestMethods(TestInvoker.java:194)
	at org.testng.internal.invokers.TestMethodWorker.invokeTestMethods(TestMethodWorker.java:148)
	at org.testng.internal.invokers.TestMethodWorker.run(TestMethodWorker.java:128)
	at java.base/java.util.ArrayList.forEach(ArrayList.java:1511)
	at org.testng.TestRunner.privateRun(TestRunner.java:829)
	at org.testng.TestRunner.run(TestRunner.java:602)
	at org.testng.SuiteRunner.runTest(SuiteRunner.java:437)
	at org.testng.SuiteRunner.runSequentially(SuiteRunner.java:431)
	at org.testng.SuiteRunner.privateRun(SuiteRunner.java:391)
	at org.testng.SuiteRunner.run(SuiteRunner.java:330)
	at org.testng.SuiteRunnerWorker.runSuite(SuiteRunnerWorker.java:52)
	at org.testng.SuiteRunnerWorker.run(SuiteRunnerWorker.java:95)
	at org.testng.TestNG.runSuitesSequentially(TestNG.java:1256)
	at org.testng.TestNG.runSuitesLocally(TestNG.java:1176)
	at org.testng.TestNG.runSuites(TestNG.java:1099)
	at org.testng.TestNG.run(TestNG.java:1067)
	at org.apache.maven.surefire.testng.TestNGExecutor.run(TestNGExecutor.java:324)
	at org.apache.maven.surefire.testng.TestNGXmlTestSuite.execute(TestNGXmlTestSuite.java:74)
	at org.apache.maven.surefire.testng.TestNGProvider.invoke(TestNGProvider.java:123)
	at org.apache.maven.surefire.booter.ForkedBooter.runSuitesInProcess(ForkedBooter.java:456)
	at org.apache.maven.surefire.booter.ForkedBooter.execute(ForkedBooter.java:169)
	at org.apache.maven.surefire.booter.ForkedBooter.run(ForkedBooter.java:595)
	at org.apache.maven.surefire.booter.ForkedBooter.main(ForkedBooter.java:581)
]]></failure>
  </testcase>
  <testcase name="afterMethod" classname="com.qa.tests.LoginTests" time="0.001">
    <failure message="Cannot invoke &quot;com.qa.utils.TestUtils.log()&quot; because &quot;this.testUtils&quot; is null" type="java.lang.NullPointerException"><![CDATA[java.lang.NullPointerException: Cannot invoke "com.qa.utils.TestUtils.log()" because "this.testUtils" is null
	at com.qa.tests.LoginTests.afterMethod(LoginTests.java:65)
	at java.base/jdk.internal.reflect.DirectMethodHandleAccessor.invoke(DirectMethodHandleAccessor.java:104)
	at java.base/java.lang.reflect.Method.invoke(Method.java:578)
	at org.testng.internal.invokers.MethodInvocationHelper.invokeMethod(MethodInvocationHelper.java:139)
	at org.testng.internal.invokers.MethodInvocationHelper.invokeMethodConsideringTimeout(MethodInvocationHelper.java:69)
	at org.testng.internal.invokers.ConfigInvoker.invokeConfigurationMethod(ConfigInvoker.java:361)
	at org.testng.internal.invokers.ConfigInvoker.invokeConfigurations(ConfigInvoker.java:296)
	at org.testng.internal.invokers.TestInvoker.runConfigMethods(TestInvoker.java:823)
	at org.testng.internal.invokers.TestInvoker.runAfterConfigurations(TestInvoker.java:792)
	at org.testng.internal.invokers.TestInvoker.invokeMethod(TestInvoker.java:613)
	at org.testng.internal.invokers.TestInvoker.invokeTestMethod(TestInvoker.java:221)
	at org.testng.internal.invokers.MethodRunner.runInSequence(MethodRunner.java:50)
	at org.testng.internal.invokers.TestInvoker$MethodInvocationAgent.invoke(TestInvoker.java:969)
	at org.testng.internal.invokers.TestInvoker.invokeTestMethods(TestInvoker.java:194)
	at org.testng.internal.invokers.TestMethodWorker.invokeTestMethods(TestMethodWorker.java:148)
	at org.testng.internal.invokers.TestMethodWorker.run(TestMethodWorker.java:128)
	at java.base/java.util.ArrayList.forEach(ArrayList.java:1511)
	at org.testng.TestRunner.privateRun(TestRunner.java:829)
	at org.testng.TestRunner.run(TestRunner.java:602)
	at org.testng.SuiteRunner.runTest(SuiteRunner.java:437)
	at org.testng.SuiteRunner.runSequentially(SuiteRunner.java:431)
	at org.testng.SuiteRunner.privateRun(SuiteRunner.java:391)
	at org.testng.SuiteRunner.run(SuiteRunner.java:330)
	at org.testng.SuiteRunnerWorker.runSuite(SuiteRunnerWorker.java:52)
	at org.testng.SuiteRunnerWorker.run(SuiteRunnerWorker.java:95)
	at org.testng.TestNG.runSuitesSequentially(TestNG.java:1256)
	at org.testng.TestNG.runSuitesLocally(TestNG.java:1176)
	at org.testng.TestNG.runSuites(TestNG.java:1099)
	at org.testng.TestNG.run(TestNG.java:1067)
	at org.apache.maven.surefire.testng.TestNGExecutor.run(TestNGExecutor.java:324)
	at org.apache.maven.surefire.testng.TestNGXmlTestSuite.execute(TestNGXmlTestSuite.java:74)
	at org.apache.maven.surefire.testng.TestNGProvider.invoke(TestNGProvider.java:123)
	at org.apache.maven.surefire.booter.ForkedBooter.runSuitesInProcess(ForkedBooter.java:456)
	at org.apache.maven.surefire.booter.ForkedBooter.execute(ForkedBooter.java:169)
	at org.apache.maven.surefire.booter.ForkedBooter.run(ForkedBooter.java:595)
	at org.apache.maven.surefire.booter.ForkedBooter.main(ForkedBooter.java:581)
]]></failure>
  </testcase>
  <testcase name="beforeMethod" classname="com.qa.tests.LoginTests" time="0">
    <skipped/>
  </testcase>
  <testcase name="beforeMethod" classname="com.qa.tests.LoginTests" time="0">
    <skipped/>
  </testcase>
  <testcase name="beforeMethod" classname="com.qa.tests.LoginTests" time="0">
    <skipped/>
  </testcase>
  <testcase name="beforeMethod" classname="com.qa.tests.LoginTests" time="0">
    <skipped/>
  </testcase>
  <testcase name="invalidUserPassword" classname="com.qa.tests.LoginTests" time="0">
    <skipped/>
  </testcase>
  <testcase name="invalidUserPassword" classname="com.qa.tests.LoginTests" time="0">
    <skipped message="Could not initialize class net.sf.cglib.proxy.Enhancer"/>
  </testcase>
  <testcase name="successfullyLogin" classname="com.qa.tests.LoginTests" time="0">
    <skipped message="Cannot invoke &quot;com.qa.utils.TestUtils.log()&quot; because &quot;this.testUtils&quot; is null"/>
  </testcase>
  <testcase name="successfullyLogin" classname="com.qa.tests.LoginTests" time="0">
    <skipped message="Cannot invoke &quot;com.qa.utils.TestUtils.log()&quot; because &quot;this.testUtils&quot; is null"/>
  </testcase>
  <testcase name="afterClass" classname="com.qa.tests.LoginTests" time="0">
    <skipped/>
  </testcase>
  <testcase name="afterClass" classname="com.qa.tests.LoginTests" time="0">
    <skipped/>
  </testcase>
</testsuite>